1693502747888	geckodriver	INFO	Listening on 127.0.0.1:58526
1693502750959	mozrunner::runner	INFO	Running command: "C:\\Program Files\\Mozilla Firefox\\firefox.exe" "--marionette" "--remote-debugging-port" "58527" "--remote-allow-hosts" "localhost" "-no-remote" "-profile" "C:\\Users\\vidoo\\AppData\\Local\\Temp\\rust_mozprofileHI71rj"
1693502774671	geckodriver	INFO	Listening on 127.0.0.1:58590
1693502777752	mozrunner::runner	INFO	Running command: "C:\\Program Files\\Mozilla Firefox\\firefox.exe" "--marionette" "--remote-debugging-port" "58591" "--remote-allow-hosts" "localhost" "-no-remote" "-profile" "C:\\Users\\vidoo\\AppData\\Local\\Temp\\rust_mozprofilea1sjY1"
console.warn: services.settings: Ignoring preference override of remote settings server
console.warn: services.settings: Allow by setting MOZ_REMOTE_SETTINGS_DEVTOOLS=1 in the environment
1693502778550	Marionette	INFO	Marionette enabled
Dynamically enable window occlusion 0
1693502779218	Marionette	INFO	Listening on port 58610
WebDriver BiDi listening on ws://127.0.0.1:58591
Read port: 58610
1693502779862	RemoteAgent	WARN	TLS certificate errors will be ignored for this session
DevTools listening on ws://127.0.0.1:58591/devtools/browser/791e7535-e689-422c-a850-aaf8945a865f
JavaScript warning: https://www.google.com/xjs/_/js/k=xjs.s.en_GB.wJsyvXbABiQ.O/am=CAAAAAAAAAAAACAAAGogHALYAAYIBEAAAAABABQAAAAAgIIIAAwABI9ySQYAAQFCCEwAcbAGAFBCFQAAAAAAwn4AAAAAAIAFQAAAAI0AGBACFIAAAAAAyAMA8AAAgwkLAAAAAAAAAAAAIOASBIMLEgABARAAAAAAAAAAAAAglUxeDCA/d=1/ed=1/dg=2/rs=ACT90oEpo9SPVb5kso_bT879kJtQ0sTniA/ee=cEt90b:ws9Tlc;qddgKe:x4FYXe,d7YSfd;yxTchf:KUM7Z;dtl0hd:lLQWFe;eHDfl:ofjVkb;qaS3gd:yiLg6e;nAFL3:NTMZac,s39S4;oGtAuc:sOXFj;iFQyKf:vfuNJf,QIhFr;SNUn3:ZwDk9d,x8cHvb;io8t5d:sgY6Zb;Oj465e:KG2eXe,KG2eXe;Erl4fe:FloWmf,FloWmf;JsbNhc:Xd8iUd;sP4Vbe:VwDzFe;kMFpHd:OTA3Ae;uY49fb:COQbmf;Pjplud:PoEs9b,EEDORb;QGR0gd:Mlhmy;a56pNe:JEfCwb;Me32dd:MEeYgc;wR5FRb:TtcOte,O1Gjze;pXdRYb:JKoKVe,MdUzUe;dIoSBb:ZgGg9b;EmZ2Bf:zr1jrb;NSEoX:lazG7b;eBAeSb:Ck63tb;WCEKNd:I46Hvd;wV5Pjc:L8KGxe;EVNhjf:pw70Gc;sTsDMc:kHVSUb;wQlYve:aLUfP;zOsCQe:Ko78Df;KcokUb:KiuZBf;YV5bee:IvPZ6d;kbAm9d:MkHyGd;ZWEUA:afR4Cf;g8nkx:U4MzKc;lzgfYb:PI40bd;w9w86d:dt4g2b;GleZL:J1A7Od;bcPXSc:gSZLJb;JXS8fb:Qj0suc;IoGlCf:b5lhvb;vfVwPd:OXTqFb;ESrPQc:mNTJvc;qavrXe:zQzcXe,mYbt1d;pNsl2d:j9Yuyc;VGRfx:VFqbr;BjwMce:cXX2Wb;R9Ulx:CR7Ufe;kY7VAf:d91TEb;KpRAue:Tia57b;jY0zg:Q6tNgc;l8Azde:j4Ca9b;oSUNyd:fTfGO,fTfGO,vjQg0b;SMDL4c:fTfGO,vjQg0b;aZ61od:arTwJ;ZrFutb:W4Cdfc;K8vqCc:MyIcle;NPKaK:SdcwHb;LBgRLc:XVMNvd,SdcwHb;rQSrae:C6D5Fc;kCQyJ:ueyPK;KQzWid:mB4wNe;EABSZ:MXZt9d;TxfV6d:YORN0b;UDrY1c:eps46d;F9mqte:UoRcbe;Nyt6ic:jn2sGd;w3bZCb:ZPGaIb;G0KhTb:LIaoZ;aAJE9c:WHW6Ef;V2HTTe:RolTY;Wfmdue:g3MJlb;imqimf:jKGL2e;BgS6mb:fidj5d;UVmjEd:EesRsb;z97YGf:oug9te;AfeaP:TkrAjf;eBZ5Nd:audvde;CxXAWb:YyRLvc;VN6jIc:ddQyuf;SLtqO:Kh1xYe;tosKvd:ZCqP3;VOcgDe:YquhTb;uuQkY:u2V3ud;WDGyFe:jcVOxd;trZL0b:qY8PFe;VxQ32b:k0XsBb;DULqB:RKfG5c;Np8Qkd:Dpx6qc;cFTWae:gT8qnd;gaub4:TN6bMe;xBbsrc:NEW1Qc;DpcR3d:zL72xf;hjRo6e:F62sG;yGxLoc:FmAr0c;oUlnpc:RagDlc;R2kc8b:ALJqWb;pj82le:mg5CW;dLlj2:Qqt3Gf;qGV2uc:HHi04c;gtVSi:ekUOYd;UyG7Kb:wQd0G;LsNahb:ucGLNb;xbe2wc:wbTLEd;Q1Ow7b:x5CSu;okUaUd:wItadb;G6wU6e:hezEbd;uknmt:GkPrzb;PqHfGe:im2cZe;Fmv9Nc:O1Tzwc;hK67qb:QWEO5b;BMxAGc:E5bFse;R4IIIb:QWfeKf;whEZac:F4AmNb;tH4IIe:Ymry6;zxnPse:GkRiKb;xqZiqf:wmnU7d;lkq0A:Z0MWEf;daB6be:lMxGPd;U96pRd:FsR04;LEikZe:byfTOb,lsjVmc/m=cdos,cr,hsm,jsa,mb4ZUb,d,csi,cEt90b,SNUn3,qddgKe,sTsDMc,dtl0hd,eHDfl, line 418: Script terminated by timeout at:
Xta@https://www.google.com/xjs/_/js/k=xjs.s.en_GB.wJsyvXbABiQ.O/am=CAAAAAAAAAAAACAAAGogHALYAAYIBEAAAAABABQAAAAAgIIIAAwABI9ySQYAAQFCCEwAcbAGAFBCFQAAAAAAwn4AAAAAAIAFQAAAAI0AGBACFIAAAAAAyAMA8AAAgwkLAAAAAAAAAAAAIOASBIMLEgABARAAAAAAAAAAAAAglUxeDCA/d=1/ed=1/dg=2/rs=ACT90oEpo9SPVb5kso_bT879kJtQ0sTniA/ee=cEt90b:ws9Tlc;qddgKe:x4FYXe,d7YSfd;yxTchf:KUM7Z;dtl0hd:lLQWFe;eHDfl:ofjVkb;qaS3gd:yiLg6e;nAFL3:NTMZac,s39S4;oGtAuc:sOXFj;iFQyKf:vfuNJf,QIhFr;SNUn3:ZwDk9d,x8cHvb;io8t5d:sgY6Zb;Oj465e:KG2eXe,KG2eXe;Erl4fe:FloWmf,FloWmf;JsbNhc:Xd8iUd;sP4Vbe:VwDzFe;kMFpHd:OTA3Ae;uY49fb:COQbmf;Pjplud:PoEs9b,EEDORb;QGR0gd:Mlhmy;a56pNe:JEfCwb;Me32dd:MEeYgc;wR5FRb:TtcOte,O1Gjze;pXdRYb:JKoKVe,MdUzUe;dIoSBb:ZgGg9b;EmZ2Bf:zr1jrb;NSEoX:lazG7b;eBAeSb:Ck63tb;WCEKNd:I46Hvd;wV5Pjc:L8KGxe;EVNhjf:pw70Gc;sTsDMc:kHVSUb;wQlYve:aLUfP;zOsCQe:Ko78Df;KcokUb:KiuZBf;YV5bee:IvPZ6d;kbAm9d:MkHyGd;ZWEUA:afR4Cf;g8nkx:U4MzKc;lzgfYb:PI40bd;w9w86d:dt4g2b;GleZL:J1A7Od;bcPXSc:gSZLJb;JXS8fb:Qj0suc;IoGlCf:b5lhvb;vfVwPd:OXTqFb;ESrPQc:mNTJvc;qavrXe:zQzcXe,mYbt1d;pNsl2d:j9Yuyc;VGRfx:VFqbr;BjwMce:cXX2Wb;R9Ulx:CR7Ufe;kY7VAf:d91TEb;KpRAue:Tia57b;jY0zg:Q6tNgc;l8Azde:j4Ca9b;oSUNyd:fTfGO,fTfGO,vjQg0b;SMDL4c:fTfGO,vjQg0b;aZ61od:arTwJ;ZrFutb:W4Cdfc;K8vqCc:MyIcle;NPKaK:SdcwHb;LBgRLc:XVMNvd,SdcwHb;rQSrae:C6D5Fc;kCQyJ:ueyPK;KQzWid:mB4wNe;EABSZ:MXZt9d;TxfV6d:YORN0b;UDrY1c:eps46d;F9mqte:UoRcbe;Nyt6ic:jn2sGd;w3bZCb:ZPGaIb;G0KhTb:LIaoZ;aAJE9c:WHW6Ef;V2HTTe:RolTY;Wfmdue:g3MJlb;imqimf:jKGL2e;BgS6mb:fidj5d;UVmjEd:EesRsb;z97YGf:oug9te;AfeaP:TkrAjf;eBZ5Nd:audvde;CxXAWb:YyRLvc;VN6jIc:ddQyuf;SLtqO:Kh1xYe;tosKvd:ZCqP3;VOcgDe:YquhTb;uuQkY:u2V3ud;WDGyFe:jcVOxd;trZL0b:qY8PFe;VxQ32b:k0XsBb;DULqB:RKfG5c;Np8Qkd:Dpx6qc;cFTWae:gT8qnd;gaub4:TN6bMe;xBbsrc:NEW1Qc;DpcR3d:zL72xf;hjRo6e:F62sG;yGxLoc:FmAr0c;oUlnpc:RagDlc;R2kc8b:ALJqWb;pj82le:mg5CW;dLlj2:Qqt3Gf;qGV2uc:HHi04c;gtVSi:ekUOYd;UyG7Kb:wQd0G;LsNahb:ucGLNb;xbe2wc:wbTLEd;Q1Ow7b:x5CSu;okUaUd:wItadb;G6wU6e:hezEbd;uknmt:GkPrzb;PqHfGe:im2cZe;Fmv9Nc:O1Tzwc;hK67qb:QWEO5b;BMxAGc:E5bFse;R4IIIb:QWfeKf;whEZac:F4AmNb;tH4IIe:Ymry6;zxnPse:GkRiKb;xqZiqf:wmnU7d;lkq0A:Z0MWEf;daB6be:lMxGPd;U96pRd:FsR04;LEikZe:byfTOb,lsjVmc/m=cdos,cr,hsm,jsa,mb4ZUb,d,csi,cEt90b,SNUn3,qddgKe,sTsDMc,dtl0hd,eHDfl:418:238
Uta@https://www.google.com/xjs/_/js/k=xjs.s.en_GB.wJsyvXbABiQ.O/am=CAAAAAAAAAAAACAAAGogHALYAAYIBEAAAAABABQAAAAAgIIIAAwABI9ySQYAAQFCCEwAcbAGAFBCFQAAAAAAwn4AAAAAAIAFQAAAAI0AGBACFIAAAAAAyAMA8AAAgwkLAAAAAAAAAAAAIOASBIMLEgABARAAAAAAAAAAAAAglUxeDCA/d=1/ed=1/dg=2/rs=ACT90oEpo9SPVb5kso_bT879kJtQ0sTniA/ee=cEt90b:ws9Tlc;qddgKe:x4FYXe,d7YSfd;yxTchf:KUM7Z;dtl0hd:lLQWFe;eHDfl:ofjVkb;qaS3gd:yiLg6e;nAFL3:NTMZac,s39S4;oGtAuc:sOXFj;iFQyKf:vfuNJf,QIhFr;SNUn3:ZwDk9d,x8cHvb;io8t5d:sgY6Zb;Oj465e:KG2eXe,KG2eXe;Erl4fe:FloWmf,FloWmf;JsbNhc:Xd8iUd;sP4Vbe:VwDzFe;kMFpHd:OTA3Ae;uY49fb:COQbmf;Pjplud:PoEs9b,EEDORb;QGR0gd:Mlhmy;a56pNe:JEfCwb;Me32dd:MEeYgc;wR5FRb:TtcOte,O1Gjze;pXdRYb:JKoKVe,MdUzUe;dIoSBb:ZgGg9b;EmZ2Bf:zr1jrb;NSEoX:lazG7b;eBAeSb:Ck63tb;WCEKNd:I46Hvd;wV5Pjc:L8KGxe;EVNhjf:pw70Gc;sTsDMc:kHVSUb;wQlYve:aLUfP;zOsCQe:Ko78Df;KcokUb:KiuZBf;YV5bee:IvPZ6d;kbAm9d:MkHyGd;ZWEUA:afR4Cf;g8nkx:U4MzKc;lzgfYb:PI40bd;w9w86d:dt4g2b;GleZL:J1A7Od;bcPXSc:gSZLJb;JXS8fb:Qj0suc;IoGlCf:b5lhvb;vfVwPd:OXTqFb;ESrPQc:mNTJvc;qavrXe:zQzcXe,mYbt1d;pNsl2d:j9Yuyc;VGRfx:VFqbr;BjwMce:cXX2Wb;R9Ulx:CR7Ufe;kY7VAf:d91TEb;KpRAue:Tia57b;jY0zg:Q6tNgc;l8Azde:j4Ca9b;oSUNyd:fTfGO,fTfGO,vjQg0b;SMDL4c:fTfGO,vjQg0b;aZ61od:arTwJ;ZrFutb:W4Cdfc;K8vqCc:MyIcle;NPKaK:SdcwHb;LBgRLc:XVMNvd,SdcwHb;rQSrae:C6D5Fc;kCQyJ:ueyPK;KQzWid:mB4wNe;EABSZ:MXZt9d;TxfV6d:YORN0b;UDrY1c:eps46d;F9mqte:UoRcbe;Nyt6ic:jn2sGd;w3bZCb:ZPGaIb;G0KhTb:LIaoZ;aAJE9c:WHW6Ef;V2HTTe:RolTY;Wfmdue:g3MJlb;imqimf:jKGL2e;BgS6mb:fidj5d;UVmjEd:EesRsb;z97YGf:oug9te;AfeaP:TkrAjf;eBZ5Nd:audvde;CxXAWb:YyRLvc;VN6jIc:ddQyuf;SLtqO:Kh1xYe;tosKvd:ZCqP3;VOcgDe:YquhTb;uuQkY:u2V3ud;WDGyFe:jcVOxd;trZL0b:qY8PFe;VxQ32b:k0XsBb;DULqB:RKfG5c;Np8Qkd:Dpx6qc;cFTWae:gT8qnd;gaub4:TN6bMe;xBbsrc:NEW1Qc;DpcR3d:zL72xf;hjRo6e:F62sG;yGxLoc:FmAr0c;oUlnpc:RagDlc;R2kc8b:ALJqWb;pj82le:mg5CW;dLlj2:Qqt3Gf;qGV2uc:HHi04c;gtVSi:ekUOYd;UyG7Kb:wQd0G;LsNahb:ucGLNb;xbe2wc:wbTLEd;Q1Ow7b:x5CSu;okUaUd:wItadb;G6wU6e:hezEbd;uknmt:GkPrzb;PqHfGe:im2cZe;Fmv9Nc:O1Tzwc;hK67qb:QWEO5b;BMxAGc:E5bFse;R4IIIb:QWfeKf;whEZac:F4AmNb;tH4IIe:Ymry6;zxnPse:GkRiKb;xqZiqf:wmnU7d;lkq0A:Z0MWEf;daB6be:lMxGPd;U96pRd:FsR04;LEikZe:byfTOb,lsjVmc/m=cdos,cr,hsm,jsa,mb4ZUb,d,csi,cEt90b,SNUn3,qddgKe,sTsDMc,dtl0hd,eHDfl:418:341
b@https://www.google.com/xjs/_/js/k=xjs.s.en_GB.wJsyvXbABiQ.O/am=CAAAAAAAAAAAACAAAGogHALYAAYIBEAAAAABABQAAAAAgIIIAAwABI9ySQYAAQFCCEwAcbAGAFBCFQAAAAAAwn4AAAAAAIAFQAAAAI0AGBACFIAAAAAAyAMA8AAAgwkLAAAAAAAAAAAAIOASBIMLEgABARAAAAAAAAAAAAAglUxeDCA/d=1/ed=1/dg=2/rs=ACT90oEpo9SPVb5kso_bT879kJtQ0sTniA/ee=cEt90b:ws9Tlc;qddgKe:x4FYXe,d7YSfd;yxTchf:KUM7Z;dtl0hd:lLQWFe;eHDfl:ofjVkb;qaS3gd:yiLg6e;nAFL3:NTMZac,s39S4;oGtAuc:sOXFj;iFQyKf:vfuNJf,QIhFr;SNUn3:ZwDk9d,x8cHvb;io8t5d:sgY6Zb;Oj465e:KG2eXe,KG2eXe;Erl4fe:FloWmf,FloWmf;JsbNhc:Xd8iUd;sP4Vbe:VwDzFe;kMFpHd:OTA3Ae;uY49fb:COQbmf;Pjplud:PoEs9b,EEDORb;QGR0gd:Mlhmy;a56pNe:JEfCwb;Me32dd:MEeYgc;wR5FRb:TtcOte,O1Gjze;pXdRYb:JKoKVe,MdUzUe;dIoSBb:ZgGg9b;EmZ2Bf:zr1jrb;NSEoX:lazG7b;eBAeSb:Ck63tb;WCEKNd:I46Hvd;wV5Pjc:L8KGxe;EVNhjf:pw70Gc;sTsDMc:kHVSUb;wQlYve:aLUfP;zOsCQe:Ko78Df;KcokUb:KiuZBf;YV5bee:IvPZ6d;kbAm9d:MkHyGd;ZWEUA:afR4Cf;g8nkx:U4MzKc;lzgfYb:PI40bd;w9w86d:dt4g2b;GleZL:J1A7Od;bcPXSc:gSZLJb;JXS8fb:Qj0suc;IoGlCf:b5lhvb;vfVwPd:OXTqFb;ESrPQc:mNTJvc;qavrXe:zQzcXe,mYbt1d;pNsl2d:j9Yuyc;VGRfx:VFqbr;BjwMce:cXX2Wb;R9Ulx:CR7Ufe;kY7VAf:d91TEb;KpRAue:Tia57b;jY0zg:Q6tNgc;l8Azde:j4Ca9b;oSUNyd:fTfGO,fTfGO,vjQg0b;SMDL4c:fTfGO,vjQg0b;aZ61od:arTwJ;ZrFutb:W4Cdfc;K8vqCc:MyIcle;NPKaK:SdcwHb;LBgRLc:XVMNvd,SdcwHb;rQSrae:C6D5Fc;kCQyJ:ueyPK;KQzWid:mB4wNe;EABSZ:MXZt9d;TxfV6d:YORN0b;UDrY1c:eps46d;F9mqte:UoRcbe;Nyt6ic:jn2sGd;w3bZCb:ZPGaIb;G0KhTb:LIaoZ;aAJE9c:WHW6Ef;V2HTTe:RolTY;Wfmdue:g3MJlb;imqimf:jKGL2e;BgS6mb:fidj5d;UVmjEd:EesRsb;z97YGf:oug9te;AfeaP:TkrAjf;eBZ5Nd:audvde;CxXAWb:YyRLvc;VN6jIc:ddQyuf;SLtqO:Kh1xYe;tosKvd:ZCqP3;VOcgDe:YquhTb;uuQkY:u2V3ud;WDGyFe:jcVOxd;trZL0b:qY8PFe;VxQ32b:k0XsBb;DULqB:RKfG5c;Np8Qkd:Dpx6qc;cFTWae:gT8qnd;gaub4:TN6bMe;xBbsrc:NEW1Qc;DpcR3d:zL72xf;hjRo6e:F62sG;yGxLoc:FmAr0c;oUlnpc:RagDlc;R2kc8b:ALJqWb;pj82le:mg5CW;dLlj2:Qqt3Gf;qGV2uc:HHi04c;gtVSi:ekUOYd;UyG7Kb:wQd0G;LsNahb:ucGLNb;xbe2wc:wbTLEd;Q1Ow7b:x5CSu;okUaUd:wItadb;G6wU6e:hezEbd;uknmt:GkPrzb;PqHfGe:im2cZe;Fmv9Nc:O1Tzwc;hK67qb:QWEO5b;BMxAGc:E5bFse;R4IIIb:QWfeKf;whEZac:F4AmNb;tH4IIe:Ymry6;zxnPse:GkRiKb;xqZiqf:wmnU7d;lkq0A:Z0MWEf;daB6be:lMxGPd;U96pRd:FsR04;LEikZe:byfTOb,lsjVmc/m=cdos,cr,hsm,jsa,mb4ZUb,d,csi,cEt90b,SNUn3,qddgKe,sTsDMc,dtl0hd,eHDfl:414:49

[Parent 15944, IPC I/O Parent] WARNING: DuplicateHandle failed for handle 0 in TransferHandles: file /builds/worker/checkouts/gecko/ipc/chromium/src/chrome/common/ipc_channel_win.cc:621
[GPU 16456, IPC I/O Child] WARNING: pipe error: 232: file /builds/worker/checkouts/gecko/ipc/chromium/src/chrome/common/ipc_channel_win.cc:443
[Parent 15944, IPC I/O Parent] WARNING: DuplicateHandle failed for handle 0 in TransferHandles: file /builds/worker/checkouts/gecko/ipc/chromium/src/chrome/common/ipc_channel_win.cc:621
[GPU 16456, IPC I/O Child] WARNING: pipe error: 232: file /builds/worker/checkouts/gecko/ipc/chromium/src/chrome/common/ipc_channel_win.cc:443
1693502792300	Marionette	INFO	Stopped listening on port 58610
Dynamically enable window occlusion 1
[Parent 15944, IPC I/O Parent] WARNING: DuplicateHandle failed for handle 0 in TransferHandles: file /builds/worker/checkouts/gecko/ipc/chromium/src/chrome/common/ipc_channel_win.cc:621
[GPU 16456, IPC I/O Child] WARNING: pipe error: 232: file /builds/worker/checkouts/gecko/ipc/chromium/src/chrome/common/ipc_channel_win.cc:443
[Parent 15944, IPC I/O Parent] WARNING: DuplicateHandle failed for handle 0 in TransferHandles: file /builds/worker/checkouts/gecko/ipc/chromium/src/chrome/common/ipc_channel_win.cc:621
[GPU 16456, IPC I/O Child] WARNING: pipe error: 232: file /builds/worker/checkouts/gecko/ipc/chromium/src/chrome/common/ipc_channel_win.cc:443
[Parent 15944, IPC I/O Parent] WARNING: DuplicateHandle failed for handle 0 in TransferHandles: file /builds/worker/checkouts/gecko/ipc/chromium/src/chrome/common/ipc_channel_win.cc:621
[GPU 16456, IPC I/O Child] WARNING: pipe error: 232: file /builds/worker/checkouts/gecko/ipc/chromium/src/chrome/common/ipc_channel_win.cc:443
[Parent 15944, IPC I/O Parent] WARNING: DuplicateHandle failed for handle 0 in TransferHandles: file /builds/worker/checkouts/gecko/ipc/chromium/src/chrome/common/ipc_channel_win.cc:621
[GPU 16456, IPC I/O Child] WARNING: pipe error: 232: file /builds/worker/checkouts/gecko/ipc/chromium/src/chrome/common/ipc_channel_win.cc:443
[Parent 15944, IPC I/O Parent] WARNING: DuplicateHandle failed for handle 0 in TransferHandles: file /builds/worker/checkouts/gecko/ipc/chromium/src/chrome/common/ipc_channel_win.cc:621
[GPU 16456, IPC I/O Child] WARNING: pipe error: 232: file /builds/worker/checkouts/gecko/ipc/chromium/src/chrome/common/ipc_channel_win.cc:443
1693503577017	geckodriver	INFO	Listening on 127.0.0.1:59543
1693503580084	mozrunner::runner	INFO	Running command: "C:\\Program Files\\Mozilla Firefox\\firefox.exe" "--marionette" "--remote-debugging-port" "59544" "--remote-allow-hosts" "localhost" "-no-remote" "-profile" "C:\\Users\\vidoo\\AppData\\Local\\Temp\\rust_mozprofileQex3Ah"
console.warn: services.settings: Ignoring preference override of remote settings server
console.warn: services.settings: Allow by setting MOZ_REMOTE_SETTINGS_DEVTOOLS=1 in the environment
1693503580712	Marionette	INFO	Marionette enabled
Dynamically enable window occlusion 0
1693503581047	Marionette	INFO	Listening on port 59560
WebDriver BiDi listening on ws://127.0.0.1:59544
Read port: 59560
1693503581350	RemoteAgent	WARN	TLS certificate errors will be ignored for this session
DevTools listening on ws://127.0.0.1:59544/devtools/browser/41494ea7-c08e-4819-8ea6-1f34ddb87949
JavaScript warning: https://github.githubassets.com/assets/vendors-node_modules_github_paste-markdown_dist_index_esm_js-node_modules_github_quote-select-7a8e2b-f036384374ea.js, line 19: Script terminated by timeout at:
d@https://github.githubassets.com/assets/vendors-node_modules_github_paste-markdown_dist_index_esm_js-node_modules_github_quote-select-7a8e2b-f036384374ea.js:19:21150
38085/k/<@https://github.githubassets.com/assets/vendors-node_modules_github_paste-markdown_dist_index_esm_js-node_modules_github_quote-select-7a8e2b-f036384374ea.js:19:21230
n@https://github.githubassets.com/assets/vendors-node_modules_github_paste-markdown_dist_index_esm_js-node_modules_github_quote-select-7a8e2b-f036384374ea.js:19:18436

[Parent 14400, IPC I/O Parent] WARNING: DuplicateHandle failed for handle 0 in TransferHandles: file /builds/worker/checkouts/gecko/ipc/chromium/src/chrome/common/ipc_channel_win.cc:621
[GPU 15848, IPC I/O Child] WARNING: pipe error: 232: file /builds/worker/checkouts/gecko/ipc/chromium/src/chrome/common/ipc_channel_win.cc:443
1693503663538	Marionette	INFO	Stopped listening on port 59560
Dynamically enable window occlusion 1
[Parent 14400, IPC I/O Parent] WARNING: DuplicateHandle failed for handle 0 in TransferHandles: file /builds/worker/checkouts/gecko/ipc/chromium/src/chrome/common/ipc_channel_win.cc:621
[GPU 15848, IPC I/O Child] WARNING: pipe error: 232: file /builds/worker/checkouts/gecko/ipc/chromium/src/chrome/common/ipc_channel_win.cc:443
[Parent 14400, IPC I/O Parent] WARNING: DuplicateHandle failed for handle 0 in TransferHandles: file /builds/worker/checkouts/gecko/ipc/chromium/src/chrome/common/ipc_channel_win.cc:621
[GPU 15848, IPC I/O Child] WARNING: pipe error: 232: file /builds/worker/checkouts/gecko/ipc/chromium/src/chrome/common/ipc_channel_win.cc:443
[Parent 14400, IPC I/O Parent] WARNING: DuplicateHandle failed for handle 0 in TransferHandles: file /builds/worker/checkouts/gecko/ipc/chromium/src/chrome/common/ipc_channel_win.cc:621
[GPU 15848, IPC I/O Child] WARNING: pipe error: 232: file /builds/worker/checkouts/gecko/ipc/chromium/src/chrome/common/ipc_channel_win.cc:443
[Parent 14400, IPC I/O Parent] WARNING: DuplicateHandle failed for handle 0 in TransferHandles: file /builds/worker/checkouts/gecko/ipc/chromium/src/chrome/common/ipc_channel_win.cc:621
[GPU 15848, IPC I/O Child] WARNING: pipe error: 232: file /builds/worker/checkouts/gecko/ipc/chromium/src/chrome/common/ipc_channel_win.cc:443
[Parent 14400, IPC I/O Parent] WARNING: DuplicateHandle failed for handle 0 in TransferHandles: file /builds/worker/checkouts/gecko/ipc/chromium/src/chrome/common/ipc_channel_win.cc:621
[GPU 15848, IPC I/O Child] WARNING: pipe error: 232: file /builds/worker/checkouts/gecko/ipc/chromium/src/chrome/common/ipc_channel_win.cc:443
1693503668590	geckodriver	INFO	Listening on 127.0.0.1:59708
1693503671648	mozrunner::runner	INFO	Running command: "C:\\Program Files\\Mozilla Firefox\\firefox.exe" "--marionette" "--remote-debugging-port" "59709" "--remote-allow-hosts" "localhost" "-no-remote" "-profile" "C:\\Users\\vidoo\\AppData\\Local\\Temp\\rust_mozprofileLyQNRd"
console.warn: services.settings: Ignoring preference override of remote settings server
console.warn: services.settings: Allow by setting MOZ_REMOTE_SETTINGS_DEVTOOLS=1 in the environment
1693503672311	Marionette	INFO	Marionette enabled
Dynamically enable window occlusion 0
1693503672679	Marionette	INFO	Listening on port 59723
WebDriver BiDi listening on ws://127.0.0.1:59709
Read port: 59723
1693503673074	RemoteAgent	WARN	TLS certificate errors will be ignored for this session
DevTools listening on ws://127.0.0.1:59709/devtools/browser/9a1e6134-ab47-4ce5-ab3d-9ac6fcb36eb3
[Parent 11892, IPC I/O Parent] WARNING: DuplicateHandle failed for handle 0 in TransferHandles: file /builds/worker/checkouts/gecko/ipc/chromium/src/chrome/common/ipc_channel_win.cc:621
[GPU 11344, IPC I/O Child] WARNING: pipe error: 232: file /builds/worker/checkouts/gecko/ipc/chromium/src/chrome/common/ipc_channel_win.cc:443
JavaScript warning: https://github.githubassets.com/assets/behaviors-36f19503d846.js, line 33: Script terminated by timeout at:
r@https://github.githubassets.com/assets/behaviors-36f19503d846.js:33:83471
u@https://github.githubassets.com/assets/behaviors-36f19503d846.js:33:70974
79422/<@https://github.githubassets.com/assets/behaviors-36f19503d846.js:33:71411

1693503703315	Marionette	INFO	Stopped listening on port 59723
Dynamically enable window occlusion 1
[Parent 11892, IPC I/O Parent] WARNING: DuplicateHandle failed for handle 0 in TransferHandles: file /builds/worker/checkouts/gecko/ipc/chromium/src/chrome/common/ipc_channel_win.cc:621
[GPU 11344, IPC I/O Child] WARNING: pipe error: 232: file /builds/worker/checkouts/gecko/ipc/chromium/src/chrome/common/ipc_channel_win.cc:443
[Parent 11892, IPC I/O Parent] WARNING: DuplicateHandle failed for handle 0 in TransferHandles: file /builds/worker/checkouts/gecko/ipc/chromium/src/chrome/common/ipc_channel_win.cc:621
[GPU 11344, IPC I/O Child] WARNING: pipe error: 232: file /builds/worker/checkouts/gecko/ipc/chromium/src/chrome/common/ipc_channel_win.cc:443
console.error: services.settings: 
  blocklists/gfx Signature failed  TypeError: NetworkError: Network request failed
console.error: services.settings: 
  Message: NetworkError: Network error: TypeError: NetworkError: Network request failed
  Stack:
    APIError@resource://services-settings/RemoteSettingsClient.sys.mjs:111:1
NetworkError@resource://services-settings/RemoteSettingsClient.sys.mjs:115:5
_adjustedError@resource://services-settings/RemoteSettingsClient.sys.mjs:911:14
maybeSync@resource://services-settings/RemoteSettingsClient.sys.mjs:816:38

console.warn: services.settings: blocklists/addons-bloomfilters sync interrupted by shutdown
console.warn: services.settings: main/normandy-recipes-capabilities sync interrupted by shutdown
console.warn: services.settings: main/addons-manager-settings sync interrupted by shutdown
console.warn: services.settings: main/devtools-compatibility-browsers sync interrupted by shutdown
console.error: (new AbortError("IndexedDB: main/nimbus-mobile-experiments getLastModified() IndexedDB:  execute() A request was aborted, for example through a call to IDBTransaction.abort.", "resource://services-settings/IDBHelpers.sys.mjs", 16))
[Parent 11892, IPC I/O Parent] WARNING: DuplicateHandle failed for handle 0 in TransferHandles: file /builds/worker/checkouts/gecko/ipc/chromium/src/chrome/common/ipc_channel_win.cc:621
[GPU 11344, IPC I/O Child] WARNING: pipe error: 232: file /builds/worker/checkouts/gecko/ipc/chromium/src/chrome/common/ipc_channel_win.cc:443
[Parent 11892, IPC I/O Parent] WARNING: DuplicateHandle failed for handle 0 in TransferHandles: file /builds/worker/checkouts/gecko/ipc/chromium/src/chrome/common/ipc_channel_win.cc:621
[GPU 11344, IPC I/O Child] WARNING: pipe error: 232: file /builds/worker/checkouts/gecko/ipc/chromium/src/chrome/common/ipc_channel_win.cc:443
[Parent 11892, IPC I/O Parent] WARNING: DuplicateHandle failed for handle 0 in TransferHandles: file /builds/worker/checkouts/gecko/ipc/chromium/src/chrome/common/ipc_channel_win.cc:621
[GPU 11344, IPC I/O Child] WARNING: pipe error: 232: file /builds/worker/checkouts/gecko/ipc/chromium/src/chrome/common/ipc_channel_win.cc:443
1693550630070	geckodriver	INFO	Listening on 127.0.0.1:53334
1693550633224	mozrunner::runner	INFO	Running command: "C:\\Program Files\\Mozilla Firefox\\firefox.exe" "--marionette" "--remote-debugging-port" "53335" "--remote-allow-hosts" "localhost" "-no-remote" "-profile" "C:\\Users\\vidoo\\AppData\\Local\\Temp\\rust_mozprofilel42K75"
console.warn: services.settings: Ignoring preference override of remote settings server
console.warn: services.settings: Allow by setting MOZ_REMOTE_SETTINGS_DEVTOOLS=1 in the environment
1693550634453	Marionette	INFO	Marionette enabled
Dynamically enable window occlusion 0
1693550634941	Marionette	INFO	Listening on port 53347
WebDriver BiDi listening on ws://127.0.0.1:53335
Read port: 53347
1693550635401	RemoteAgent	WARN	TLS certificate errors will be ignored for this session
DevTools listening on ws://127.0.0.1:53335/devtools/browser/f601c2f8-c12b-419f-8a0a-3bbbca0a1afc
[Parent 4396, IPC I/O Parent] WARNING: DuplicateHandle failed for handle 0 in TransferHandles: file /builds/worker/checkouts/gecko/ipc/chromium/src/chrome/common/ipc_channel_win.cc:621
[GPU 15620, IPC I/O Child] WARNING: pipe error: 232: file /builds/worker/checkouts/gecko/ipc/chromium/src/chrome/common/ipc_channel_win.cc:443
JavaScript warning: https://github.githubassets.com/assets/vendors-node_modules_github_paste-markdown_dist_index_esm_js-node_modules_github_quote-select-7a8e2b-f036384374ea.js, line 19: Script terminated by timeout at:
o@https://github.githubassets.com/assets/vendors-node_modules_github_paste-markdown_dist_index_esm_js-node_modules_github_quote-select-7a8e2b-f036384374ea.js:19:1428
u@https://github.githubassets.com/assets/behaviors-36f19503d846.js:33:70966
79422/<@https://github.githubassets.com/assets/behaviors-36f19503d846.js:33:71411

1693550664244	Marionette	INFO	Stopped listening on port 53347
Dynamically enable window occlusion 1
[Parent 4396, IPC I/O Parent] WARNING: DuplicateHandle failed for handle 0 in TransferHandles: file /builds/worker/checkouts/gecko/ipc/chromium/src/chrome/common/ipc_channel_win.cc:621
[Parent 4396, IPC I/O Parent] WARNING: DuplicateHandle failed for handle 0 in TransferHandles: file /builds/worker/checkouts/gecko/ipc/chromium/src/chrome/common/ipc_channel_win.cc:621
[GPU 15620, IPC I/O Child] WARNING: pipe error: 232: file /builds/worker/checkouts/gecko/ipc/chromium/src/chrome/common/ipc_channel_win.cc:443
[GPU 15620, IPC I/O Child] WARNING: pipe error: 232: file /builds/worker/checkouts/gecko/ipc/chromium/src/chrome/common/ipc_channel_win.cc:443
[Parent 4396, IPC I/O Parent] WARNING: DuplicateHandle failed for handle 0 in TransferHandles: file /builds/worker/checkouts/gecko/ipc/chromium/src/chrome/common/ipc_channel_win.cc:621
[GPU 15620, IPC I/O Child] WARNING: pipe error: 232: file /builds/worker/checkouts/gecko/ipc/chromium/src/chrome/common/ipc_channel_win.cc:443
[Parent 4396, IPC I/O Parent] WARNING: DuplicateHandle failed for handle 0 in TransferHandles: file /builds/worker/checkouts/gecko/ipc/chromium/src/chrome/common/ipc_channel_win.cc:621
[GPU 15620, IPC I/O Child] WARNING: pipe error: 232: file /builds/worker/checkouts/gecko/ipc/chromium/src/chrome/common/ipc_channel_win.cc:443
[Parent 4396, IPC I/O Parent] WARNING: DuplicateHandle failed for handle 0 in TransferHandles: file /builds/worker/checkouts/gecko/ipc/chromium/src/chrome/common/ipc_channel_win.cc:621
[GPU 15620, IPC I/O Child] WARNING: pipe error: 232: file /builds/worker/checkouts/gecko/ipc/chromium/src/chrome/common/ipc_channel_win.cc:443
1693552948300	geckodriver	INFO	Listening on 127.0.0.1:54330
1693552951472	mozrunner::runner	INFO	Running command: "C:\\Program Files\\Mozilla Firefox\\firefox.exe" "--marionette" "--remote-debugging-port" "54331" "--remote-allow-hosts" "localhost" "-no-remote" "-profile" "C:\\Users\\vidoo\\AppData\\Local\\Temp\\rust_mozprofile8h20i0"
console.warn: services.settings: Ignoring preference override of remote settings server
console.warn: services.settings: Allow by setting MOZ_REMOTE_SETTINGS_DEVTOOLS=1 in the environment
1693552952850	Marionette	INFO	Marionette enabled
Dynamically enable window occlusion 0
1693552953343	Marionette	INFO	Listening on port 54339
WebDriver BiDi listening on ws://127.0.0.1:54331
Read port: 54339
1693552953883	RemoteAgent	WARN	TLS certificate errors will be ignored for this session
DevTools listening on ws://127.0.0.1:54331/devtools/browser/dc528590-b01c-4afb-860d-cd326551db8e
console.warn: LoginRecipes: "Falling back to a synchronous message for: https://github.com."
console.warn: LoginRecipes: "Falling back to a synchronous message for: https://github.com."
1693552994791	Marionette	INFO	Stopped listening on port 54339
Dynamically enable window occlusion 1
[Parent 17392, IPC I/O Parent] WARNING: DuplicateHandle failed for handle 0 in TransferHandles: file /builds/worker/checkouts/gecko/ipc/chromium/src/chrome/common/ipc_channel_win.cc:621
[GPU 20168, IPC I/O Child] WARNING: pipe error: 232: file /builds/worker/checkouts/gecko/ipc/chromium/src/chrome/common/ipc_channel_win.cc:443
[Parent 17392, IPC I/O Parent] WARNING: DuplicateHandle failed for handle 0 in TransferHandles: file /builds/worker/checkouts/gecko/ipc/chromium/src/chrome/common/ipc_channel_win.cc:621
[GPU 20168, IPC I/O Child] WARNING: pipe error: 232: file /builds/worker/checkouts/gecko/ipc/chromium/src/chrome/common/ipc_channel_win.cc:443
[Parent 17392, IPC I/O Parent] WARNING: DuplicateHandle failed for handle 0 in TransferHandles: file /builds/worker/checkouts/gecko/ipc/chromium/src/chrome/common/ipc_channel_win.cc:621
[Parent 17392, IPC I/O Parent] WARNING: DuplicateHandle failed for handle 0 in TransferHandles: file /builds/worker/checkouts/gecko/ipc/chromium/src/chrome/common/ipc_channel_win.cc:621
[GPU 20168, IPC I/O Child] WARNING: pipe error: 232: file /builds/worker/checkouts/gecko/ipc/chromium/src/chrome/common/ipc_channel_win.cc:443
[GPU 20168, IPC I/O Child] WARNING: pipe error: 232: file /builds/worker/checkouts/gecko/ipc/chromium/src/chrome/common/ipc_channel_win.cc:443
[Parent 17392, IPC I/O Parent] WARNING: DuplicateHandle failed for handle 0 in TransferHandles: file /builds/worker/checkouts/gecko/ipc/chromium/src/chrome/common/ipc_channel_win.cc:621
[GPU 20168, IPC I/O Child] WARNING: pipe error: 232: file /builds/worker/checkouts/gecko/ipc/chromium/src/chrome/common/ipc_channel_win.cc:443
1693553174816	geckodriver	INFO	Listening on 127.0.0.1:54451
1693553177908	mozrunner::runner	INFO	Running command: "C:\\Program Files\\Mozilla Firefox\\firefox.exe" "--marionette" "--remote-debugging-port" "54452" "--remote-allow-hosts" "localhost" "-no-remote" "-profile" "C:\\Users\\vidoo\\AppData\\Local\\Temp\\rust_mozprofileJXLEnC"
console.warn: services.settings: Ignoring preference override of remote settings server
console.warn: services.settings: Allow by setting MOZ_REMOTE_SETTINGS_DEVTOOLS=1 in the environment
1693553178954	Marionette	INFO	Marionette enabled
Dynamically enable window occlusion 0
1693553179408	Marionette	INFO	Listening on port 54460
WebDriver BiDi listening on ws://127.0.0.1:54452
Read port: 54460
1693553179830	RemoteAgent	WARN	TLS certificate errors will be ignored for this session
DevTools listening on ws://127.0.0.1:54452/devtools/browser/37d8dcb5-1681-465f-a7fe-725e7a10f271
[Parent 18328, IPC I/O Parent] WARNING: DuplicateHandle failed for handle 0 in TransferHandles: file /builds/worker/checkouts/gecko/ipc/chromium/src/chrome/common/ipc_channel_win.cc:621
[GPU 2684, IPC I/O Child] WARNING: pipe error: 232: file /builds/worker/checkouts/gecko/ipc/chromium/src/chrome/common/ipc_channel_win.cc:443
console.warn: LoginRecipes: "Falling back to a synchronous message for: https://github.com."
console.warn: LoginRecipes: "Falling back to a synchronous message for: https://github.com."
1693553213483	Marionette	INFO	Stopped listening on port 54460
Dynamically enable window occlusion 1
[Parent 18328, IPC I/O Parent] WARNING: DuplicateHandle failed for handle 0 in TransferHandles: file /builds/worker/checkouts/gecko/ipc/chromium/src/chrome/common/ipc_channel_win.cc:621
[GPU 2684, IPC I/O Child] WARNING: pipe error: 232: file /builds/worker/checkouts/gecko/ipc/chromium/src/chrome/common/ipc_channel_win.cc:443
[Parent 18328, IPC I/O Parent] WARNING: DuplicateHandle failed for handle 0 in TransferHandles: file /builds/worker/checkouts/gecko/ipc/chromium/src/chrome/common/ipc_channel_win.cc:621
[GPU 2684, IPC I/O Child] WARNING: pipe error: 232: file /builds/worker/checkouts/gecko/ipc/chromium/src/chrome/common/ipc_channel_win.cc:443
console.error: services.settings: 
  Message: NetworkError: Network error: TypeError: NetworkError: Network request failed
  Stack:
    APIError@resource://services-settings/RemoteSettingsClient.sys.mjs:111:1
NetworkError@resource://services-settings/RemoteSettingsClient.sys.mjs:115:5
_adjustedError@resource://services-settings/RemoteSettingsClient.sys.mjs:911:14
maybeSync@resource://services-settings/RemoteSettingsClient.sys.mjs:816:38

console.warn: services.settings: main/translations-identification-models sync interrupted by shutdown
console.warn: services.settings: main/translations-wasm sync interrupted by shutdown
console.warn: services.settings: main/fxmonitor-breaches sync interrupted by shutdown
console.warn: services.settings: main/search-config sync interrupted by shutdown
console.warn: services.settings: security-state/cert-revocations sync interrupted by shutdown
console.warn: services.settings: security-state/intermediates sync interrupted by shutdown
console.warn: services.settings: security-state/onecrl sync interrupted by shutdown
console.error: (new NetworkError("Network error: TypeError: NetworkError: Network request failed", "resource://services-settings/RemoteSettingsClient.sys.mjs", 111))
[Parent 18328, IPC I/O Parent] WARNING: DuplicateHandle failed for handle 0 in TransferHandles: file /builds/worker/checkouts/gecko/ipc/chromium/src/chrome/common/ipc_channel_win.cc:621
[GPU 2684, IPC I/O Child] WARNING: pipe error: 232: file /builds/worker/checkouts/gecko/ipc/chromium/src/chrome/common/ipc_channel_win.cc:443
[Parent 18328, IPC I/O Parent] WARNING: DuplicateHandle failed for handle 0 in TransferHandles: file /builds/worker/checkouts/gecko/ipc/chromium/src/chrome/common/ipc_channel_win.cc:621
[GPU 2684, IPC I/O Child] WARNING: pipe error: 232: file /builds/worker/checkouts/gecko/ipc/chromium/src/chrome/common/ipc_channel_win.cc:443
[Parent 18328, IPC I/O Parent] WARNING: DuplicateHandle failed for handle 0 in TransferHandles: file /builds/worker/checkouts/gecko/ipc/chromium/src/chrome/common/ipc_channel_win.cc:621
[GPU 2684, IPC I/O Child] WARNING: pipe error: 232: file /builds/worker/checkouts/gecko/ipc/chromium/src/chrome/common/ipc_channel_win.cc:443
1693553342346	geckodriver	INFO	Listening on 127.0.0.1:54522
1693553345421	mozrunner::runner	INFO	Running command: "C:\\Program Files\\Mozilla Firefox\\firefox.exe" "--marionette" "--remote-debugging-port" "54523" "--remote-allow-hosts" "localhost" "-no-remote" "-profile" "C:\\Users\\vidoo\\AppData\\Local\\Temp\\rust_mozprofile7hw7zy"
console.warn: services.settings: Ignoring preference override of remote settings server
console.warn: services.settings: Allow by setting MOZ_REMOTE_SETTINGS_DEVTOOLS=1 in the environment
1693553346339	Marionette	INFO	Marionette enabled
Dynamically enable window occlusion 0
1693553346787	Marionette	INFO	Listening on port 54530
WebDriver BiDi listening on ws://127.0.0.1:54523
Read port: 54530
1693553347322	RemoteAgent	WARN	TLS certificate errors will be ignored for this session
DevTools listening on ws://127.0.0.1:54523/devtools/browser/22b06563-5bf4-43db-bd0e-889790b4163e
[Parent 13996, IPC I/O Parent] WARNING: DuplicateHandle failed for handle 0 in TransferHandles: file /builds/worker/checkouts/gecko/ipc/chromium/src/chrome/common/ipc_channel_win.cc:621
[GPU 2416, IPC I/O Child] WARNING: pipe error: 232: file /builds/worker/checkouts/gecko/ipc/chromium/src/chrome/common/ipc_channel_win.cc:443
console.warn: LoginRecipes: "Falling back to a synchronous message for: https://github.com."
console.warn: LoginRecipes: "Falling back to a synchronous message for: https://github.com."
console.warn: LoginRecipes: "Falling back to a synchronous message for: https://github.com."
console.warn: LoginRecipes: "Falling back to a synchronous message for: https://github.com."
console.warn: LoginRecipes: "Falling back to a synchronous message for: https://github.com."
[Parent 13996, IPC I/O Parent] WARNING: DuplicateHandle failed for handle 0 in TransferHandles: file /builds/worker/checkouts/gecko/ipc/chromium/src/chrome/common/ipc_channel_win.cc:621
[GPU 2416, IPC I/O Child] WARNING: pipe error: 232: file /builds/worker/checkouts/gecko/ipc/chromium/src/chrome/common/ipc_channel_win.cc:443
1693553396688	Marionette	INFO	Stopped listening on port 54530
Dynamically enable window occlusion 1
[Parent 13996, IPC I/O Parent] WARNING: DuplicateHandle failed for handle 0 in TransferHandles: file /builds/worker/checkouts/gecko/ipc/chromium/src/chrome/common/ipc_channel_win.cc:621
[GPU 2416, IPC I/O Child] WARNING: pipe error: 232: file /builds/worker/checkouts/gecko/ipc/chromium/src/chrome/common/ipc_channel_win.cc:443
console.error: RemoteSecuritySettings.jsm: 
  Failed to download attachment: TypeError: NetworkError: Network request failed
console.error: RemoteSecuritySettings.jsm: 
  Failed to download attachment: TypeError: NetworkError: Network request failed
console.error: RemoteSecuritySettings.jsm: 
  Failed to download attachment: TypeError: NetworkError: Network request failed
console.error: RemoteSecuritySettings.jsm: 
  Failed to download attachment: TypeError: NetworkError: Network request failed
console.error: RemoteSecuritySettings.jsm: 
  Failed to download attachment: TypeError: NetworkError: Network request failed
console.error: RemoteSecuritySettings.jsm: 
  Failed to download attachment: TypeError: NetworkError: Network request failed
console.error: RemoteSecuritySettings.jsm: 
  Failed to download attachment: TypeError: NetworkError: Network request failed
console.error: RemoteSecuritySettings.jsm: 
  Failed to download attachment: TypeError: NetworkError: Network request failed
console.error: RemoteSecuritySettings.jsm: 
  Failed to download attachment: TypeError: NetworkError: Network request failed
console.error: RemoteSecuritySettings.jsm: 
  Failed to download attachment: TypeError: NetworkError: Network request failed
console.error: RemoteSecuritySettings.jsm: 
  Failed to download attachment: TypeError: NetworkError: Network request failed
console.error: RemoteSecuritySettings.jsm: 
  Failed to download attachment: TypeError: NetworkError: Network request failed
console.error: RemoteSecuritySettings.jsm: 
  Failed to download attachment: TypeError: NetworkError: Network request failed
console.error: RemoteSecuritySettings.jsm: 
  Failed to download attachment: TypeError: NetworkError: Network request failed
console.error: RemoteSecuritySettings.jsm: 
  Failed to download attachment: TypeError: NetworkError: Network request failed
console.error: RemoteSecuritySettings.jsm: 
  Failed to download attachment: TypeError: NetworkError: Network request failed
console.error: RemoteSecuritySettings.jsm: 
  Failed to download attachment: TypeError: NetworkError: Network request failed
console.error: RemoteSecuritySettings.jsm: 
  Failed to download attachment: TypeError: NetworkError: Network request failed
console.error: RemoteSecuritySettings.jsm: 
  Failed to download attachment: TypeError: NetworkError: Network request failed
console.error: RemoteSecuritySettings.jsm: 
  Failed to download attachment: TypeError: NetworkError: Network request failed
console.error: RemoteSecuritySettings.jsm: 
  Failed to download attachment: TypeError: NetworkError: Network request failed
console.error: RemoteSecuritySettings.jsm: 
  Failed to download attachment: TypeError: NetworkError: Network request failed
console.error: RemoteSecuritySettings.jsm: 
  Failed to download attachment: TypeError: NetworkError: Network request failed
console.error: RemoteSecuritySettings.jsm: 
  Failed to download attachment: TypeError: NetworkError: Network request failed
console.error: RemoteSecuritySettings.jsm: 
  Failed to download attachment: TypeError: NetworkError: Network request failed
console.error: RemoteSecuritySettings.jsm: 
  Failed to download attachment: TypeError: NetworkError: Network request failed
console.error: RemoteSecuritySettings.jsm: 
  Failed to download attachment: TypeError: NetworkError: Network request failed
console.error: RemoteSecuritySettings.jsm: 
  Failed to download attachment: TypeError: NetworkError: Network request failed
console.error: RemoteSecuritySettings.jsm: 
  Failed to download attachment: TypeError: NetworkError: Network request failed
console.error: RemoteSecuritySettings.jsm: 
  Failed to download attachment: TypeError: NetworkError: Network request failed
console.error: RemoteSecuritySettings.jsm: 
  Failed to download attachment: TypeError: NetworkError: Network request failed
console.error: RemoteSecuritySettings.jsm: 
  Failed to download attachment: TypeError: NetworkError: Network request failed
console.error: RemoteSecuritySettings.jsm: 
  Failed to download attachment: TypeError: NetworkError: Network request failed
console.error: RemoteSecuritySettings.jsm: 
  Failed to download attachment: TypeError: NetworkError: Network request failed
console.error: RemoteSecuritySettings.jsm: 
  Failed to download attachment: TypeError: NetworkError: Network request failed
console.error: RemoteSecuritySettings.jsm: 
  Failed to download attachment: TypeError: NetworkError: Network request failed
console.error: RemoteSecuritySettings.jsm: 
  Failed to download attachment: TypeError: NetworkError: Network request failed
console.error: RemoteSecuritySettings.jsm: 
  Failed to download attachment: TypeError: NetworkError: Network request failed
console.error: RemoteSecuritySettings.jsm: 
  Failed to download attachment: TypeError: NetworkError: Network request failed
console.error: RemoteSecuritySettings.jsm: 
  Failed to download attachment: TypeError: NetworkError: Network request failed
console.error: RemoteSecuritySettings.jsm: 
  Failed to download attachment: TypeError: NetworkError: Network request failed
console.error: RemoteSecuritySettings.jsm: 
  Failed to download attachment: TypeError: NetworkError: Network request failed
console.error: RemoteSecuritySettings.jsm: 
  Failed to download attachment: TypeError: NetworkError: Network request failed
console.error: RemoteSecuritySettings.jsm: 
  Failed to download attachment: TypeError: NetworkError: Network request failed
console.error: RemoteSecuritySettings.jsm: 
  Failed to download attachment: TypeError: NetworkError: Network request failed
console.error: RemoteSecuritySettings.jsm: 
  Failed to download attachment: TypeError: NetworkError: Network request failed
console.error: RemoteSecuritySettings.jsm: 
  Failed to download attachment: TypeError: NetworkError: Network request failed
console.error: RemoteSecuritySettings.jsm: 
  Failed to download attachment: TypeError: NetworkError: Network request failed
console.error: RemoteSecuritySettings.jsm: 
  Failed to download attachment: TypeError: NetworkError: Network request failed
console.error: RemoteSecuritySettings.jsm: 
  Failed to download attachment: TypeError: NetworkError: Network request failed
console.error: RemoteSecuritySettings.jsm: 
  Failed to download attachment: TypeError: NetworkError: Network request failed
console.error: RemoteSecuritySettings.jsm: 
  Failed to download attachment: TypeError: NetworkError: Network request failed
console.error: RemoteSecuritySettings.jsm: 
  Failed to download attachment: TypeError: NetworkError: Network request failed
console.error: RemoteSecuritySettings.jsm: 
  Failed to download attachment: TypeError: NetworkError: Network request failed
console.error: RemoteSecuritySettings.jsm: 
  Failed to download attachment: TypeError: NetworkError: Network request failed
console.error: RemoteSecuritySettings.jsm: 
  Failed to download attachment: TypeError: NetworkError: Network request failed
console.error: RemoteSecuritySettings.jsm: 
  Failed to download attachment: TypeError: NetworkError: Network request failed
console.error: RemoteSecuritySettings.jsm: 
  Failed to download attachment: TypeError: NetworkError: Network request failed
console.error: RemoteSecuritySettings.jsm: 
  Failed to download attachment: TypeError: NetworkError: Network request failed
console.error: RemoteSecuritySettings.jsm: 
  Failed to download attachment: TypeError: NetworkError: Network request failed
console.error: RemoteSecuritySettings.jsm: 
  Failed to download attachment: TypeError: NetworkError: Network request failed
console.error: RemoteSecuritySettings.jsm: 
  Failed to download attachment: TypeError: NetworkError: Network request failed
console.error: RemoteSecuritySettings.jsm: 
  Failed to download attachment: TypeError: NetworkError: Network request failed
console.error: RemoteSecuritySettings.jsm: 
  Failed to download attachment: TypeError: NetworkError: Network request failed
console.error: RemoteSecuritySettings.jsm: 
  Failed to download attachment: TypeError: NetworkError: Network request failed
console.error: RemoteSecuritySettings.jsm: 
  Failed to download attachment: TypeError: NetworkError: Network request failed
console.error: RemoteSecuritySettings.jsm: 
  Failed to download attachment: TypeError: NetworkError: Network request failed
console.error: RemoteSecuritySettings.jsm: 
  Failed to download attachment: TypeError: NetworkError: Network request failed
console.error: RemoteSecuritySettings.jsm: 
  Failed to download attachment: TypeError: NetworkError: Network request failed
console.error: RemoteSecuritySettings.jsm: 
  Failed to download attachment: TypeError: NetworkError: Network request failed
console.error: RemoteSecuritySettings.jsm: 
  Failed to download attachment: TypeError: NetworkError: Network request failed
console.error: RemoteSecuritySettings.jsm: 
  Failed to download attachment: TypeError: NetworkError: Network request failed
console.error: RemoteSecuritySettings.jsm: 
  Failed to download attachment: TypeError: NetworkError: Network request failed
console.error: RemoteSecuritySettings.jsm: 
  Failed to download attachment: TypeError: NetworkError: Network request failed
console.error: RemoteSecuritySettings.jsm: 
  Failed to download attachment: TypeError: NetworkError: Network request failed
console.error: RemoteSecuritySettings.jsm: 
  Failed to download attachment: TypeError: NetworkError: Network request failed
console.error: RemoteSecuritySettings.jsm: 
  Failed to download attachment: TypeError: NetworkError: Network request failed
console.error: RemoteSecuritySettings.jsm: 
  Failed to download attachment: TypeError: NetworkError: Network request failed
console.error: RemoteSecuritySettings.jsm: 
  Failed to download attachment: TypeError: NetworkError: Network request failed
console.error: RemoteSecuritySettings.jsm: 
  Failed to download attachment: TypeError: NetworkError: Network request failed
console.error: RemoteSecuritySettings.jsm: 
  Failed to download attachment: TypeError: NetworkError: Network request failed
console.error: RemoteSecuritySettings.jsm: 
  Failed to download attachment: TypeError: NetworkError: Network request failed
console.error: RemoteSecuritySettings.jsm: 
  Failed to download attachment: TypeError: NetworkError: Network request failed
console.error: RemoteSecuritySettings.jsm: 
  Failed to download attachment: TypeError: NetworkError: Network request failed
console.error: RemoteSecuritySettings.jsm: 
  Failed to download attachment: TypeError: NetworkError: Network request failed
console.error: RemoteSecuritySettings.jsm: 
  Failed to download attachment: TypeError: NetworkError: Network request failed
console.error: RemoteSecuritySettings.jsm: 
  Failed to download attachment: TypeError: NetworkError: Network request failed
console.error: RemoteSecuritySettings.jsm: 
  Failed to download attachment: TypeError: NetworkError: Network request failed
console.error: RemoteSecuritySettings.jsm: 
  Failed to download attachment: TypeError: NetworkError: Network request failed
console.error: RemoteSecuritySettings.jsm: 
  Failed to download attachment: TypeError: NetworkError: Network request failed
console.error: RemoteSecuritySettings.jsm: 
  Failed to download attachment: TypeError: NetworkError: Network request failed
console.error: RemoteSecuritySettings.jsm: 
  Failed to download attachment: TypeError: NetworkError: Network request failed
console.error: RemoteSecuritySettings.jsm: 
  Failed to download attachment: TypeError: NetworkError: Network request failed
console.error: RemoteSecuritySettings.jsm: 
  Failed to download attachment: TypeError: NetworkError: Network request failed
console.error: RemoteSecuritySettings.jsm: 
  Failed to download attachment: TypeError: NetworkError: Network request failed
console.error: RemoteSecuritySettings.jsm: 
  Failed to download attachment: TypeError: NetworkError: Network request failed
console.error: RemoteSecuritySettings.jsm: 
  Failed to download attachment: TypeError: NetworkError: Network request failed
console.error: RemoteSecuritySettings.jsm: 
  Failed to download attachment: TypeError: NetworkError: Network request failed
console.error: RemoteSecuritySettings.jsm: 
  Failed to download attachment: TypeError: NetworkError: Network request failed
console.error: RemoteSecuritySettings.jsm: 
  Failed to download attachment: TypeError: NetworkError: Network request failed
console.error: RemoteSecuritySettings.jsm: 
  Failed to download attachment: TypeError: NetworkError: Network request failed
console.error: RemoteSecuritySettings.jsm: 
  Failed to download attachment: TypeError: NetworkError: Network request failed
console.error: RemoteSecuritySettings.jsm: 
  Failed to download attachment: TypeError: NetworkError: Network request failed
console.error: RemoteSecuritySettings.jsm: 
  Failed to download attachment: TypeError: NetworkError: Network request failed
console.error: RemoteSecuritySettings.jsm: 
  Failed to download attachment: TypeError: NetworkError: Network request failed
console.error: RemoteSecuritySettings.jsm: 
  Failed to download attachment: TypeError: NetworkError: Network request failed
console.error: RemoteSecuritySettings.jsm: 
  Failed to download attachment: TypeError: NetworkError: Network request failed
console.error: RemoteSecuritySettings.jsm: 
  Failed to download attachment: TypeError: NetworkError: Network request failed
console.error: RemoteSecuritySettings.jsm: 
  Failed to download attachment: TypeError: NetworkError: Network request failed
console.error: RemoteSecuritySettings.jsm: 
  Failed to download attachment: TypeError: NetworkError: Network request failed
console.error: RemoteSecuritySettings.jsm: 
  Failed to download attachment: TypeError: NetworkError: Network request failed
console.error: RemoteSecuritySettings.jsm: 
  Failed to download attachment: TypeError: NetworkError: Network request failed
console.error: RemoteSecuritySettings.jsm: 
  Failed to download attachment: TypeError: NetworkError: Network request failed
console.error: RemoteSecuritySettings.jsm: 
  Failed to download attachment: TypeError: NetworkError: Network request failed
console.error: RemoteSecuritySettings.jsm: 
  Failed to download attachment: TypeError: NetworkError: Network request failed
console.error: RemoteSecuritySettings.jsm: 
  Failed to download attachment: TypeError: NetworkError: Network request failed
console.error: RemoteSecuritySettings.jsm: 
  Failed to download attachment: TypeError: NetworkError: Network request failed
console.error: RemoteSecuritySettings.jsm: 
  Failed to download attachment: TypeError: NetworkError: Network request failed
console.error: RemoteSecuritySettings.jsm: 
  Failed to download attachment: TypeError: NetworkError: Network request failed
console.error: RemoteSecuritySettings.jsm: 
  Failed to download attachment: TypeError: NetworkError: Network request failed
console.error: RemoteSecuritySettings.jsm: 
  Failed to download attachment: TypeError: NetworkError: Network request failed
console.error: RemoteSecuritySettings.jsm: 
  Failed to download attachment: TypeError: NetworkError: Network request failed
console.error: RemoteSecuritySettings.jsm: 
  Failed to download attachment: TypeError: NetworkError: Network request failed
console.error: RemoteSecuritySettings.jsm: 
  Failed to download attachment: TypeError: NetworkError: Network request failed
console.error: RemoteSecuritySettings.jsm: 
  Failed to download attachment: TypeError: NetworkError: Network request failed
console.error: RemoteSecuritySettings.jsm: 
  Failed to download attachment: TypeError: NetworkError: Network request failed
console.error: RemoteSecuritySettings.jsm: 
  Failed to download attachment: TypeError: NetworkError: Network request failed
console.error: RemoteSecuritySettings.jsm: 
  Failed to download attachment: TypeError: NetworkError: Network request failed
console.error: RemoteSecuritySettings.jsm: 
  Failed to download attachment: TypeError: NetworkError: Network request failed
console.error: RemoteSecuritySettings.jsm: 
  Failed to download attachment: TypeError: NetworkError: Network request failed
console.error: RemoteSecuritySettings.jsm: 
  Failed to download attachment: TypeError: NetworkError: Network request failed
console.error: RemoteSecuritySettings.jsm: 
  Failed to download attachment: TypeError: NetworkError: Network request failed
console.error: RemoteSecuritySettings.jsm: 
  Failed to download attachment: TypeError: NetworkError: Network request failed
console.error: RemoteSecuritySettings.jsm: 
  Failed to download attachment: TypeError: NetworkError: Network request failed
console.error: RemoteSecuritySettings.jsm: 
  Failed to download attachment: TypeError: NetworkError: Network request failed
console.error: RemoteSecuritySettings.jsm: 
  Failed to download attachment: TypeError: NetworkError: Network request failed
console.error: RemoteSecuritySettings.jsm: 
  Failed to download attachment: TypeError: NetworkError: Network request failed
console.error: RemoteSecuritySettings.jsm: 
  Failed to download attachment: TypeError: NetworkError: Network request failed
console.error: RemoteSecuritySettings.jsm: 
  Failed to download attachment: TypeError: NetworkError: Network request failed
console.error: RemoteSecuritySettings.jsm: 
  Failed to download attachment: TypeError: NetworkError: Network request failed
console.error: RemoteSecuritySettings.jsm: 
  Failed to download attachment: TypeError: NetworkError: Network request failed
console.error: RemoteSecuritySettings.jsm: 
  Failed to download attachment: TypeError: NetworkError: Network request failed
console.error: RemoteSecuritySettings.jsm: 
  Failed to download attachment: TypeError: NetworkError: Network request failed
console.error: RemoteSecuritySettings.jsm: 
  Failed to download attachment: TypeError: NetworkError: Network request failed
console.error: RemoteSecuritySettings.jsm: 
  Failed to download attachment: TypeError: NetworkError: Network request failed
console.error: RemoteSecuritySettings.jsm: 
  Failed to download attachment: TypeError: NetworkError: Network request failed
console.error: RemoteSecuritySettings.jsm: 
  Failed to download attachment: TypeError: NetworkError: Network request failed
console.error: RemoteSecuritySettings.jsm: 
  Failed to download attachment: TypeError: NetworkError: Network request failed
console.error: RemoteSecuritySettings.jsm: 
  Failed to download attachment: TypeError: NetworkError: Network request failed
console.error: RemoteSecuritySettings.jsm: 
  Failed to download attachment: TypeError: NetworkError: Network request failed
console.error: RemoteSecuritySettings.jsm: 
  Failed to download attachment: TypeError: NetworkError: Network request failed
console.error: RemoteSecuritySettings.jsm: 
  Failed to download attachment: TypeError: NetworkError: Network request failed
console.error: RemoteSecuritySettings.jsm: 
  Failed to download attachment: TypeError: NetworkError: Network request failed
console.error: RemoteSecuritySettings.jsm: 
  Failed to download attachment: TypeError: NetworkError: Network request failed
console.error: RemoteSecuritySettings.jsm: 
  Failed to download attachment: TypeError: NetworkError: Network request failed
console.error: RemoteSecuritySettings.jsm: 
  Failed to download attachment: TypeError: NetworkError: Network request failed
console.error: RemoteSecuritySettings.jsm: 
  Failed to download attachment: TypeError: NetworkError: Network request failed
console.error: RemoteSecuritySettings.jsm: 
  Failed to download attachment: TypeError: NetworkError: Network request failed
console.error: RemoteSecuritySettings.jsm: 
  Failed to download attachment: TypeError: NetworkError: Network request failed
console.error: RemoteSecuritySettings.jsm: 
  Failed to download attachment: TypeError: NetworkError: Network request failed
console.error: RemoteSecuritySettings.jsm: 
  Failed to download attachment: TypeError: NetworkError: Network request failed
console.error: RemoteSecuritySettings.jsm: 
  Failed to download attachment: TypeError: NetworkError: Network request failed
console.error: RemoteSecuritySettings.jsm: 
  Failed to download attachment: TypeError: NetworkError: Network request failed
console.error: RemoteSecuritySettings.jsm: 
  Failed to download attachment: TypeError: NetworkError: Network request failed
console.error: RemoteSecuritySettings.jsm: 
  Failed to download attachment: TypeError: NetworkError: Network request failed
console.error: RemoteSecuritySettings.jsm: 
  Failed to download attachment: TypeError: NetworkError: Network request failed
console.error: RemoteSecuritySettings.jsm: 
  Failed to download attachment: TypeError: NetworkError: Network request failed
console.error: RemoteSecuritySettings.jsm: 
  Failed to download attachment: TypeError: NetworkError: Network request failed
console.error: RemoteSecuritySettings.jsm: 
  Failed to download attachment: TypeError: NetworkError: Network request failed
console.error: RemoteSecuritySettings.jsm: 
  Failed to download attachment: TypeError: NetworkError: Network request failed
console.error: RemoteSecuritySettings.jsm: 
  Failed to download attachment: TypeError: NetworkError: Network request failed
console.error: RemoteSecuritySettings.jsm: 
  Failed to download attachment: TypeError: NetworkError: Network request failed
console.error: RemoteSecuritySettings.jsm: 
  Failed to download attachment: TypeError: NetworkError: Network request failed
console.error: RemoteSecuritySettings.jsm: 
  Failed to download attachment: TypeError: NetworkError: Network request failed
console.error: RemoteSecuritySettings.jsm: 
  Failed to download attachment: TypeError: NetworkError: Network request failed
console.error: RemoteSecuritySettings.jsm: 
  Failed to download attachment: TypeError: NetworkError: Network request failed
console.error: RemoteSecuritySettings.jsm: 
  Failed to download attachment: TypeError: NetworkError: Network request failed
console.error: RemoteSecuritySettings.jsm: 
  Failed to download attachment: TypeError: NetworkError: Network request failed
console.error: RemoteSecuritySettings.jsm: 
  Failed to download attachment: TypeError: NetworkError: Network request failed
console.error: RemoteSecuritySettings.jsm: 
  Failed to download attachment: TypeError: NetworkError: Network request failed
console.error: RemoteSecuritySettings.jsm: 
  Failed to download attachment: TypeError: NetworkError: Network request failed
console.error: RemoteSecuritySettings.jsm: 
  Failed to download attachment: TypeError: NetworkError: Network request failed
console.error: RemoteSecuritySettings.jsm: 
  Failed to download attachment: TypeError: NetworkError: Network request failed
console.error: RemoteSecuritySettings.jsm: 
  Failed to download attachment: TypeError: NetworkError: Network request failed
console.error: RemoteSecuritySettings.jsm: 
  Failed to download attachment: TypeError: NetworkError: Network request failed
console.error: RemoteSecuritySettings.jsm: 
  Failed to download attachment: TypeError: NetworkError: Network request failed
console.error: RemoteSecuritySettings.jsm: 
  Failed to download attachment: TypeError: NetworkError: Network request failed
console.error: RemoteSecuritySettings.jsm: 
  Failed to download attachment: TypeError: NetworkError: Network request failed
console.error: RemoteSecuritySettings.jsm: 
  Failed to download attachment: TypeError: NetworkError: Network request failed
console.error: RemoteSecuritySettings.jsm: 
  Failed to download attachment: TypeError: NetworkError: Network request failed
console.error: RemoteSecuritySettings.jsm: 
  Failed to download attachment: TypeError: NetworkError: Network request failed
console.error: RemoteSecuritySettings.jsm: 
  Failed to download attachment: TypeError: NetworkError: Network request failed
console.error: RemoteSecuritySettings.jsm: 
  Failed to download attachment: TypeError: NetworkError: Network request failed
console.error: RemoteSecuritySettings.jsm: 
  Failed to download attachment: TypeError: NetworkError: Network request failed
console.error: RemoteSecuritySettings.jsm: 
  Failed to download attachment: TypeError: NetworkError: Network request failed
console.error: RemoteSecuritySettings.jsm: 
  Failed to download attachment: TypeError: NetworkError: Network request failed
console.error: RemoteSecuritySettings.jsm: 
  Failed to download attachment: TypeError: NetworkError: Network request failed
console.error: RemoteSecuritySettings.jsm: 
  Failed to download attachment: TypeError: NetworkError: Network request failed
console.error: RemoteSecuritySettings.jsm: 
  Failed to download attachment: TypeError: NetworkError: Network request failed
console.error: RemoteSecuritySettings.jsm: 
  Failed to download attachment: TypeError: NetworkError: Network request failed
console.error: RemoteSecuritySettings.jsm: 
  Failed to download attachment: TypeError: NetworkError: Network request failed
console.error: RemoteSecuritySettings.jsm: 
  Failed to download attachment: TypeError: NetworkError: Network request failed
console.error: RemoteSecuritySettings.jsm: 
  Failed to download attachment: TypeError: NetworkError: Network request failed
console.error: RemoteSecuritySettings.jsm: 
  Failed to download attachment: TypeError: NetworkError: Network request failed
console.error: RemoteSecuritySettings.jsm: 
  Failed to download attachment: TypeError: NetworkError: Network request failed
console.error: RemoteSecuritySettings.jsm: 
  Failed to download attachment: TypeError: NetworkError: Network request failed
console.error: RemoteSecuritySettings.jsm: 
  Failed to download attachment: TypeError: NetworkError: Network request failed
console.error: RemoteSecuritySettings.jsm: 
  Failed to download attachment: TypeError: NetworkError: Network request failed
console.error: RemoteSecuritySettings.jsm: 
  Failed to download attachment: TypeError: NetworkError: Network request failed
console.error: RemoteSecuritySettings.jsm: 
  Failed to download attachment: TypeError: NetworkError: Network request failed
console.error: RemoteSecuritySettings.jsm: 
  Failed to download attachment: TypeError: NetworkError: Network request failed
console.error: RemoteSecuritySettings.jsm: 
  Failed to download attachment: TypeError: NetworkError: Network request failed
console.error: RemoteSecuritySettings.jsm: 
  Failed to download attachment: TypeError: NetworkError: Network request failed
console.error: RemoteSecuritySettings.jsm: 
  Failed to download attachment: TypeError: NetworkError: Network request failed
console.error: RemoteSecuritySettings.jsm: 
  Failed to download attachment: TypeError: NetworkError: Network request failed
console.error: RemoteSecuritySettings.jsm: 
  Failed to download attachment: TypeError: NetworkError: Network request failed
console.error: RemoteSecuritySettings.jsm: 
  Failed to download attachment: TypeError: NetworkError: Network request failed
console.error: RemoteSecuritySettings.jsm: 
  Failed to download attachment: TypeError: NetworkError: Network request failed
console.error: RemoteSecuritySettings.jsm: 
  Failed to download attachment: TypeError: NetworkError: Network request failed
console.error: RemoteSecuritySettings.jsm: 
  Failed to download attachment: TypeError: NetworkError: Network request failed
console.error: RemoteSecuritySettings.jsm: 
  Failed to download attachment: TypeError: NetworkError: Network request failed
console.error: RemoteSecuritySettings.jsm: 
  Failed to download attachment: TypeError: NetworkError: Network request failed
console.error: RemoteSecuritySettings.jsm: 
  Failed to download attachment: TypeError: NetworkError: Network request failed
console.error: RemoteSecuritySettings.jsm: 
  Failed to download attachment: TypeError: NetworkError: Network request failed
console.error: RemoteSecuritySettings.jsm: 
  Failed to download attachment: TypeError: NetworkError: Network request failed
console.error: RemoteSecuritySettings.jsm: 
  Failed to download attachment: TypeError: NetworkError: Network request failed
console.error: RemoteSecuritySettings.jsm: 
  Failed to download attachment: TypeError: NetworkError: Network request failed
console.error: RemoteSecuritySettings.jsm: 
  Failed to download attachment: TypeError: NetworkError: Network request failed
console.error: RemoteSecuritySettings.jsm: 
  Failed to download attachment: TypeError: NetworkError: Network request failed
console.error: RemoteSecuritySettings.jsm: 
  Failed to download attachment: TypeError: NetworkError: Network request failed
console.error: RemoteSecuritySettings.jsm: 
  Failed to download attachment: TypeError: NetworkError: Network request failed
console.error: RemoteSecuritySettings.jsm: 
  Failed to download attachment: TypeError: NetworkError: Network request failed
console.error: RemoteSecuritySettings.jsm: 
  Failed to download attachment: TypeError: NetworkError: Network request failed
console.error: RemoteSecuritySettings.jsm: 
  Failed to download attachment: TypeError: NetworkError: Network request failed
console.error: RemoteSecuritySettings.jsm: 
  Failed to download attachment: TypeError: NetworkError: Network request failed
console.error: RemoteSecuritySettings.jsm: 
  Failed to download attachment: TypeError: NetworkError: Network request failed
console.error: RemoteSecuritySettings.jsm: 
  Failed to download attachment: TypeError: NetworkError: Network request failed
console.error: RemoteSecuritySettings.jsm: 
  Failed to download attachment: TypeError: NetworkError: Network request failed
console.error: RemoteSecuritySettings.jsm: 
  Failed to download attachment: TypeError: NetworkError: Network request failed
console.error: RemoteSecuritySettings.jsm: 
  Failed to download attachment: TypeError: NetworkError: Network request failed
console.error: RemoteSecuritySettings.jsm: 
  Failed to download attachment: TypeError: NetworkError: Network request failed
console.error: RemoteSecuritySettings.jsm: 
  Failed to download attachment: TypeError: NetworkError: Network request failed
console.error: RemoteSecuritySettings.jsm: 
  Failed to download attachment: TypeError: NetworkError: Network request failed
console.error: RemoteSecuritySettings.jsm: 
  Failed to download attachment: TypeError: NetworkError: Network request failed
console.error: RemoteSecuritySettings.jsm: 
  Failed to download attachment: TypeError: NetworkError: Network request failed
console.error: RemoteSecuritySettings.jsm: 
  Failed to download attachment: TypeError: NetworkError: Network request failed
console.error: RemoteSecuritySettings.jsm: 
  Failed to download attachment: TypeError: NetworkError: Network request failed
console.error: RemoteSecuritySettings.jsm: 
  Failed to download attachment: TypeError: NetworkError: Network request failed
console.error: RemoteSecuritySettings.jsm: 
  Failed to download attachment: TypeError: NetworkError: Network request failed
console.error: RemoteSecuritySettings.jsm: 
  Failed to download attachment: TypeError: NetworkError: Network request failed
console.error: RemoteSecuritySettings.jsm: 
  Failed to download attachment: TypeError: NetworkError: Network request failed
console.error: RemoteSecuritySettings.jsm: 
  Failed to download attachment: TypeError: NetworkError: Network request failed
console.error: RemoteSecuritySettings.jsm: 
  Failed to download attachment: TypeError: NetworkError: Network request failed
console.error: RemoteSecuritySettings.jsm: 
  Failed to download attachment: TypeError: NetworkError: Network request failed
console.error: RemoteSecuritySettings.jsm: 
  Failed to download attachment: TypeError: NetworkError: Network request failed
console.error: RemoteSecuritySettings.jsm: 
  Failed to download attachment: TypeError: NetworkError: Network request failed
console.error: RemoteSecuritySettings.jsm: 
  Failed to download attachment: TypeError: NetworkError: Network request failed
console.error: RemoteSecuritySettings.jsm: 
  Failed to download attachment: TypeError: NetworkError: Network request failed
console.error: RemoteSecuritySettings.jsm: 
  Failed to download attachment: TypeError: NetworkError: Network request failed
console.error: RemoteSecuritySettings.jsm: 
  Failed to download attachment: TypeError: NetworkError: Network request failed
console.error: RemoteSecuritySettings.jsm: 
  Failed to download attachment: TypeError: NetworkError: Network request failed
console.error: RemoteSecuritySettings.jsm: 
  Failed to download attachment: TypeError: NetworkError: Network request failed
console.error: RemoteSecuritySettings.jsm: 
  Failed to download attachment: TypeError: NetworkError: Network request failed
console.error: RemoteSecuritySettings.jsm: 
  Failed to download attachment: TypeError: NetworkError: Network request failed
console.error: RemoteSecuritySettings.jsm: 
  Failed to download attachment: TypeError: NetworkError: Network request failed
console.error: RemoteSecuritySettings.jsm: 
  Failed to download attachment: TypeError: NetworkError: Network request failed
console.error: RemoteSecuritySettings.jsm: 
  Failed to download attachment: TypeError: NetworkError: Network request failed
console.error: RemoteSecuritySettings.jsm: 
  Failed to download attachment: TypeError: NetworkError: Network request failed
console.error: RemoteSecuritySettings.jsm: 
  Failed to download attachment: TypeError: NetworkError: Network request failed
console.error: RemoteSecuritySettings.jsm: 
  Failed to download attachment: TypeError: NetworkError: Network request failed
console.error: RemoteSecuritySettings.jsm: 
  Failed to download attachment: TypeError: NetworkError: Network request failed
console.error: RemoteSecuritySettings.jsm: 
  Failed to download attachment: TypeError: NetworkError: Network request failed
console.error: RemoteSecuritySettings.jsm: 
  Failed to download attachment: TypeError: NetworkError: Network request failed
console.error: RemoteSecuritySettings.jsm: 
  Failed to download attachment: TypeError: NetworkError: Network request failed
console.error: RemoteSecuritySettings.jsm: 
  Failed to download attachment: TypeError: NetworkError: Network request failed
console.error: RemoteSecuritySettings.jsm: 
  Failed to download attachment: TypeError: NetworkError: Network request failed
console.error: RemoteSecuritySettings.jsm: 
  Failed to download attachment: TypeError: NetworkError: Network request failed
console.error: RemoteSecuritySettings.jsm: 
  Failed to download attachment: TypeError: NetworkError: Network request failed
console.error: RemoteSecuritySettings.jsm: 
  Failed to download attachment: TypeError: NetworkError: Network request failed
console.error: RemoteSecuritySettings.jsm: 
  Failed to download attachment: TypeError: NetworkError: Network request failed
console.error: RemoteSecuritySettings.jsm: 
  Failed to download attachment: TypeError: NetworkError: Network request failed
console.error: RemoteSecuritySettings.jsm: 
  Failed to download attachment: TypeError: NetworkError: Network request failed
console.error: RemoteSecuritySettings.jsm: 
  Failed to download attachment: TypeError: NetworkError: Network request failed
console.error: RemoteSecuritySettings.jsm: 
  Failed to download attachment: TypeError: NetworkError: Network request failed
console.error: RemoteSecuritySettings.jsm: 
  Failed to download attachment: TypeError: NetworkError: Network request failed
console.error: RemoteSecuritySettings.jsm: 
  Failed to download attachment: TypeError: NetworkError: Network request failed
console.error: RemoteSecuritySettings.jsm: 
  Failed to download attachment: TypeError: NetworkError: Network request failed
console.error: RemoteSecuritySettings.jsm: 
  Failed to download attachment: TypeError: NetworkError: Network request failed
console.error: RemoteSecuritySettings.jsm: 
  Failed to download attachment: TypeError: NetworkError: Network request failed
console.error: RemoteSecuritySettings.jsm: 
  Failed to download attachment: TypeError: NetworkError: Network request failed
console.error: RemoteSecuritySettings.jsm: 
  Failed to download attachment: TypeError: NetworkError: Network request failed
console.error: RemoteSecuritySettings.jsm: 
  Failed to download attachment: TypeError: NetworkError: Network request failed
console.error: RemoteSecuritySettings.jsm: 
  Failed to download attachment: TypeError: NetworkError: Network request failed
console.error: RemoteSecuritySettings.jsm: 
  Failed to download attachment: TypeError: NetworkError: Network request failed
console.error: RemoteSecuritySettings.jsm: 
  Failed to download attachment: TypeError: NetworkError: Network request failed
console.error: RemoteSecuritySettings.jsm: 
  Failed to download attachment: TypeError: NetworkError: Network request failed
console.error: RemoteSecuritySettings.jsm: 
  Failed to download attachment: TypeError: NetworkError: Network request failed
console.error: RemoteSecuritySettings.jsm: 
  Failed to download attachment: TypeError: NetworkError: Network request failed
console.error: RemoteSecuritySettings.jsm: 
  Failed to download attachment: TypeError: NetworkError: Network request failed
console.error: RemoteSecuritySettings.jsm: 
  Failed to download attachment: TypeError: NetworkError: Network request failed
console.error: RemoteSecuritySettings.jsm: 
  Failed to download attachment: TypeError: NetworkError: Network request failed
console.error: RemoteSecuritySettings.jsm: 
  Failed to download attachment: TypeError: NetworkError: Network request failed
console.error: RemoteSecuritySettings.jsm: 
  Failed to download attachment: TypeError: NetworkError: Network request failed
console.error: RemoteSecuritySettings.jsm: 
  Failed to download attachment: TypeError: NetworkError: Network request failed
console.error: RemoteSecuritySettings.jsm: 
  Failed to download attachment: TypeError: NetworkError: Network request failed
console.error: RemoteSecuritySettings.jsm: 
  Failed to download attachment: TypeError: NetworkError: Network request failed
console.error: RemoteSecuritySettings.jsm: 
  Failed to download attachment: TypeError: NetworkError: Network request failed
console.error: RemoteSecuritySettings.jsm: 
  Failed to download attachment: TypeError: NetworkError: Network request failed
console.error: RemoteSecuritySettings.jsm: 
  Failed to download attachment: TypeError: NetworkError: Network request failed
console.error: RemoteSecuritySettings.jsm: 
  Failed to download attachment: TypeError: NetworkError: Network request failed
console.error: RemoteSecuritySettings.jsm: 
  Failed to download attachment: TypeError: NetworkError: Network request failed
console.error: RemoteSecuritySettings.jsm: 
  Failed to download attachment: TypeError: NetworkError: Network request failed
console.error: RemoteSecuritySettings.jsm: 
  Failed to download attachment: TypeError: NetworkError: Network request failed
console.error: RemoteSecuritySettings.jsm: 
  Failed to download attachment: TypeError: NetworkError: Network request failed
console.error: RemoteSecuritySettings.jsm: 
  Failed to download attachment: TypeError: NetworkError: Network request failed
console.error: RemoteSecuritySettings.jsm: 
  Failed to download attachment: TypeError: NetworkError: Network request failed
console.error: RemoteSecuritySettings.jsm: 
  Failed to download attachment: TypeError: NetworkError: Network request failed
console.error: RemoteSecuritySettings.jsm: 
  Failed to download attachment: TypeError: NetworkError: Network request failed
console.error: RemoteSecuritySettings.jsm: 
  Failed to download attachment: TypeError: NetworkError: Network request failed
console.error: RemoteSecuritySettings.jsm: 
  Failed to download attachment: TypeError: NetworkError: Network request failed
console.error: RemoteSecuritySettings.jsm: 
  Failed to download attachment: TypeError: NetworkError: Network request failed
console.error: RemoteSecuritySettings.jsm: 
  Failed to download attachment: TypeError: NetworkError: Network request failed
console.error: RemoteSecuritySettings.jsm: 
  Failed to download attachment: TypeError: NetworkError: Network request failed
console.error: RemoteSecuritySettings.jsm: 
  Failed to download attachment: TypeError: NetworkError: Network request failed
console.error: RemoteSecuritySettings.jsm: 
  Failed to download attachment: TypeError: NetworkError: Network request failed
console.error: RemoteSecuritySettings.jsm: 
  Failed to download attachment: TypeError: NetworkError: Network request failed
console.error: RemoteSecuritySettings.jsm: 
  Failed to download attachment: TypeError: NetworkError: Network request failed
console.error: RemoteSecuritySettings.jsm: 
  Failed to download attachment: TypeError: NetworkError: Network request failed
console.error: RemoteSecuritySettings.jsm: 
  Failed to download attachment: TypeError: NetworkError: Network request failed
console.error: RemoteSecuritySettings.jsm: 
  Failed to download attachment: TypeError: NetworkError: Network request failed
console.error: RemoteSecuritySettings.jsm: 
  Failed to download attachment: TypeError: NetworkError: Network request failed
console.error: RemoteSecuritySettings.jsm: 
  Failed to download attachment: TypeError: NetworkError: Network request failed
console.error: RemoteSecuritySettings.jsm: 
  Failed to download attachment: TypeError: NetworkError: Network request failed
console.error: RemoteSecuritySettings.jsm: 
  Failed to download attachment: TypeError: NetworkError: Network request failed
console.error: RemoteSecuritySettings.jsm: 
  Failed to download attachment: TypeError: NetworkError: Network request failed
console.error: RemoteSecuritySettings.jsm: 
  Failed to download attachment: TypeError: NetworkError: Network request failed
console.error: RemoteSecuritySettings.jsm: 
  Failed to download attachment: TypeError: NetworkError: Network request failed
console.error: RemoteSecuritySettings.jsm: 
  Failed to download attachment: TypeError: NetworkError: Network request failed
console.error: RemoteSecuritySettings.jsm: 
  Failed to download attachment: TypeError: NetworkError: Network request failed
console.error: RemoteSecuritySettings.jsm: 
  Failed to download attachment: TypeError: NetworkError: Network request failed
console.error: RemoteSecuritySettings.jsm: 
  Failed to download attachment: TypeError: NetworkError: Network request failed
console.error: RemoteSecuritySettings.jsm: 
  Failed to download attachment: TypeError: NetworkError: Network request failed
console.error: RemoteSecuritySettings.jsm: 
  Failed to download attachment: TypeError: NetworkError: Network request failed
console.error: RemoteSecuritySettings.jsm: 
  Failed to download attachment: TypeError: NetworkError: Network request failed
console.error: RemoteSecuritySettings.jsm: 
  Failed to download attachment: TypeError: NetworkError: Network request failed
console.error: RemoteSecuritySettings.jsm: 
  Failed to download attachment: TypeError: NetworkError: Network request failed
console.error: RemoteSecuritySettings.jsm: 
  Failed to download attachment: TypeError: NetworkError: Network request failed
console.error: RemoteSecuritySettings.jsm: 
  Failed to download attachment: TypeError: NetworkError: Network request failed
console.error: RemoteSecuritySettings.jsm: 
  Failed to download attachment: TypeError: NetworkError: Network request failed
console.error: RemoteSecuritySettings.jsm: 
  Failed to download attachment: TypeError: NetworkError: Network request failed
console.error: RemoteSecuritySettings.jsm: 
  Failed to download attachment: TypeError: NetworkError: Network request failed
console.error: RemoteSecuritySettings.jsm: 
  Failed to download attachment: TypeError: NetworkError: Network request failed
console.error: RemoteSecuritySettings.jsm: 
  Failed to download attachment: TypeError: NetworkError: Network request failed
console.error: RemoteSecuritySettings.jsm: 
  Failed to download attachment: TypeError: NetworkError: Network request failed
console.error: RemoteSecuritySettings.jsm: 
  Failed to download attachment: TypeError: NetworkError: Network request failed
console.error: RemoteSecuritySettings.jsm: 
  Failed to download attachment: TypeError: NetworkError: Network request failed
console.error: RemoteSecuritySettings.jsm: 
  Failed to download attachment: TypeError: NetworkError: Network request failed
console.error: RemoteSecuritySettings.jsm: 
  Failed to download attachment: TypeError: NetworkError: Network request failed
console.error: RemoteSecuritySettings.jsm: 
  Failed to download attachment: TypeError: NetworkError: Network request failed
console.error: RemoteSecuritySettings.jsm: 
  Failed to download attachment: TypeError: NetworkError: Network request failed
console.error: RemoteSecuritySettings.jsm: 
  Failed to download attachment: TypeError: NetworkError: Network request failed
console.error: RemoteSecuritySettings.jsm: 
  Failed to download attachment: TypeError: NetworkError: Network request failed
console.error: RemoteSecuritySettings.jsm: 
  Failed to download attachment: TypeError: NetworkError: Network request failed
console.error: RemoteSecuritySettings.jsm: 
  Failed to download attachment: TypeError: NetworkError: Network request failed
console.error: RemoteSecuritySettings.jsm: 
  Failed to download attachment: TypeError: NetworkError: Network request failed
console.error: RemoteSecuritySettings.jsm: 
  Failed to download attachment: TypeError: NetworkError: Network request failed
console.error: RemoteSecuritySettings.jsm: 
  Failed to download attachment: TypeError: NetworkError: Network request failed
console.error: RemoteSecuritySettings.jsm: 
  Failed to download attachment: TypeError: NetworkError: Network request failed
console.error: RemoteSecuritySettings.jsm: 
  Failed to download attachment: TypeError: NetworkError: Network request failed
console.error: RemoteSecuritySettings.jsm: 
  Failed to download attachment: TypeError: NetworkError: Network request failed
console.error: RemoteSecuritySettings.jsm: 
  Failed to download attachment: TypeError: NetworkError: Network request failed
console.error: RemoteSecuritySettings.jsm: 
  Failed to download attachment: TypeError: NetworkError: Network request failed
console.error: RemoteSecuritySettings.jsm: 
  Failed to download attachment: TypeError: NetworkError: Network request failed
console.error: RemoteSecuritySettings.jsm: 
  Failed to download attachment: TypeError: NetworkError: Network request failed
console.error: RemoteSecuritySettings.jsm: 
  Failed to download attachment: TypeError: NetworkError: Network request failed
console.error: RemoteSecuritySettings.jsm: 
  Failed to download attachment: TypeError: NetworkError: Network request failed
console.error: RemoteSecuritySettings.jsm: 
  Failed to download attachment: TypeError: NetworkError: Network request failed
console.error: RemoteSecuritySettings.jsm: 
  Failed to download attachment: TypeError: NetworkError: Network request failed
console.error: RemoteSecuritySettings.jsm: 
  Failed to download attachment: TypeError: NetworkError: Network request failed
console.error: RemoteSecuritySettings.jsm: 
  Failed to download attachment: TypeError: NetworkError: Network request failed
console.error: RemoteSecuritySettings.jsm: 
  Failed to download attachment: TypeError: NetworkError: Network request failed
console.error: RemoteSecuritySettings.jsm: 
  Failed to download attachment: TypeError: NetworkError: Network request failed
console.error: RemoteSecuritySettings.jsm: 
  Failed to download attachment: TypeError: NetworkError: Network request failed
console.error: RemoteSecuritySettings.jsm: 
  Failed to download attachment: TypeError: NetworkError: Network request failed
console.error: RemoteSecuritySettings.jsm: 
  Failed to download attachment: TypeError: NetworkError: Network request failed
console.error: RemoteSecuritySettings.jsm: 
  Failed to download attachment: TypeError: NetworkError: Network request failed
console.error: RemoteSecuritySettings.jsm: 
  Failed to download attachment: TypeError: NetworkError: Network request failed
console.error: RemoteSecuritySettings.jsm: 
  Failed to download attachment: TypeError: NetworkError: Network request failed
console.error: RemoteSecuritySettings.jsm: 
  Failed to download attachment: TypeError: NetworkError: Network request failed
console.error: RemoteSecuritySettings.jsm: 
  Failed to download attachment: TypeError: NetworkError: Network request failed
console.error: RemoteSecuritySettings.jsm: 
  Failed to download attachment: TypeError: NetworkError: Network request failed
console.error: RemoteSecuritySettings.jsm: 
  Failed to download attachment: TypeError: NetworkError: Network request failed
console.error: RemoteSecuritySettings.jsm: 
  Failed to download attachment: TypeError: NetworkError: Network request failed
console.error: RemoteSecuritySettings.jsm: 
  Failed to download attachment: TypeError: NetworkError: Network request failed
console.error: RemoteSecuritySettings.jsm: 
  Failed to download attachment: TypeError: NetworkError: Network request failed
console.error: RemoteSecuritySettings.jsm: 
  Failed to download attachment: TypeError: NetworkError: Network request failed
console.error: RemoteSecuritySettings.jsm: 
  Failed to download attachment: TypeError: NetworkError: Network request failed
console.error: RemoteSecuritySettings.jsm: 
  Failed to download attachment: TypeError: NetworkError: Network request failed
console.error: RemoteSecuritySettings.jsm: 
  Failed to download attachment: TypeError: NetworkError: Network request failed
console.error: RemoteSecuritySettings.jsm: 
  Failed to download attachment: TypeError: NetworkError: Network request failed
console.error: RemoteSecuritySettings.jsm: 
  Failed to download attachment: TypeError: NetworkError: Network request failed
console.error: RemoteSecuritySettings.jsm: 
  Failed to download attachment: TypeError: NetworkError: Network request failed
console.error: RemoteSecuritySettings.jsm: 
  Failed to download attachment: TypeError: NetworkError: Network request failed
console.error: RemoteSecuritySettings.jsm: 
  Failed to download attachment: TypeError: NetworkError: Network request failed
console.error: RemoteSecuritySettings.jsm: 
  Failed to download attachment: TypeError: NetworkError: Network request failed
console.error: RemoteSecuritySettings.jsm: 
  Failed to download attachment: TypeError: NetworkError: Network request failed
console.error: RemoteSecuritySettings.jsm: 
  Failed to download attachment: TypeError: NetworkError: Network request failed
console.error: RemoteSecuritySettings.jsm: 
  Failed to download attachment: TypeError: NetworkError: Network request failed
console.error: RemoteSecuritySettings.jsm: 
  Failed to download attachment: TypeError: NetworkError: Network request failed
console.error: RemoteSecuritySettings.jsm: 
  Failed to download attachment: TypeError: NetworkError: Network request failed
console.error: RemoteSecuritySettings.jsm: 
  Failed to download attachment: TypeError: NetworkError: Network request failed
console.error: RemoteSecuritySettings.jsm: 
  Failed to download attachment: TypeError: NetworkError: Network request failed
console.error: RemoteSecuritySettings.jsm: 
  Failed to download attachment: TypeError: NetworkError: Network request failed
console.error: RemoteSecuritySettings.jsm: 
  Failed to download attachment: TypeError: NetworkError: Network request failed
console.error: RemoteSecuritySettings.jsm: 
  Failed to download attachment: TypeError: NetworkError: Network request failed
console.error: RemoteSecuritySettings.jsm: 
  Failed to download attachment: TypeError: NetworkError: Network request failed
console.error: RemoteSecuritySettings.jsm: 
  Failed to download attachment: TypeError: NetworkError: Network request failed
console.error: RemoteSecuritySettings.jsm: 
  Failed to download attachment: TypeError: NetworkError: Network request failed
console.error: RemoteSecuritySettings.jsm: 
  Failed to download attachment: TypeError: NetworkError: Network request failed
console.error: RemoteSecuritySettings.jsm: 
  Failed to download attachment: TypeError: NetworkError: Network request failed
console.error: RemoteSecuritySettings.jsm: 
  Failed to download attachment: TypeError: NetworkError: Network request failed
console.error: RemoteSecuritySettings.jsm: 
  Failed to download attachment: TypeError: NetworkError: Network request failed
console.error: RemoteSecuritySettings.jsm: 
  Failed to download attachment: TypeError: NetworkError: Network request failed
console.error: RemoteSecuritySettings.jsm: 
  Failed to download attachment: TypeError: NetworkError: Network request failed
console.error: RemoteSecuritySettings.jsm: 
  Failed to download attachment: TypeError: NetworkError: Network request failed
console.error: RemoteSecuritySettings.jsm: 
  Failed to download attachment: TypeError: NetworkError: Network request failed
console.error: RemoteSecuritySettings.jsm: 
  Failed to download attachment: TypeError: NetworkError: Network request failed
console.error: RemoteSecuritySettings.jsm: 
  Failed to download attachment: TypeError: NetworkError: Network request failed
console.error: RemoteSecuritySettings.jsm: 
  Failed to download attachment: TypeError: NetworkError: Network request failed
console.error: RemoteSecuritySettings.jsm: 
  Failed to download attachment: TypeError: NetworkError: Network request failed
console.error: RemoteSecuritySettings.jsm: 
  Failed to download attachment: TypeError: NetworkError: Network request failed
console.error: RemoteSecuritySettings.jsm: 
  Failed to download attachment: TypeError: NetworkError: Network request failed
console.error: RemoteSecuritySettings.jsm: 
  Failed to download attachment: TypeError: NetworkError: Network request failed
console.error: RemoteSecuritySettings.jsm: 
  Failed to download attachment: TypeError: NetworkError: Network request failed
console.error: RemoteSecuritySettings.jsm: 
  Failed to download attachment: TypeError: NetworkError: Network request failed
console.error: RemoteSecuritySettings.jsm: 
  Failed to download attachment: TypeError: NetworkError: Network request failed
console.error: RemoteSecuritySettings.jsm: 
  Failed to download attachment: TypeError: NetworkError: Network request failed
console.error: RemoteSecuritySettings.jsm: 
  Failed to download attachment: TypeError: NetworkError: Network request failed
console.error: RemoteSecuritySettings.jsm: 
  Failed to download attachment: TypeError: NetworkError: Network request failed
console.error: RemoteSecuritySettings.jsm: 
  Failed to download attachment: TypeError: NetworkError: Network request failed
console.error: RemoteSecuritySettings.jsm: 
  Failed to download attachment: TypeError: NetworkError: Network request failed
console.error: RemoteSecuritySettings.jsm: 
  Failed to download attachment: TypeError: NetworkError: Network request failed
console.error: RemoteSecuritySettings.jsm: 
  Failed to download attachment: TypeError: NetworkError: Network request failed
console.error: RemoteSecuritySettings.jsm: 
  Failed to download attachment: TypeError: NetworkError: Network request failed
console.error: RemoteSecuritySettings.jsm: 
  Failed to download attachment: TypeError: NetworkError: Network request failed
console.error: RemoteSecuritySettings.jsm: 
  Failed to download attachment: TypeError: NetworkError: Network request failed
console.error: RemoteSecuritySettings.jsm: 
  Failed to download attachment: TypeError: NetworkError: Network request failed
console.error: RemoteSecuritySettings.jsm: 
  Failed to download attachment: TypeError: NetworkError: Network request failed
console.error: RemoteSecuritySettings.jsm: 
  Failed to download attachment: TypeError: NetworkError: Network request failed
console.error: RemoteSecuritySettings.jsm: 
  Failed to download attachment: TypeError: NetworkError: Network request failed
console.error: RemoteSecuritySettings.jsm: 
  Failed to download attachment: TypeError: NetworkError: Network request failed
console.error: RemoteSecuritySettings.jsm: 
  Failed to download attachment: TypeError: NetworkError: Network request failed
console.error: RemoteSecuritySettings.jsm: 
  Failed to download attachment: TypeError: NetworkError: Network request failed
console.error: RemoteSecuritySettings.jsm: 
  Failed to download attachment: TypeError: NetworkError: Network request failed
console.error: RemoteSecuritySettings.jsm: 
  Failed to download attachment: TypeError: NetworkError: Network request failed
console.error: RemoteSecuritySettings.jsm: 
  Failed to download attachment: TypeError: NetworkError: Network request failed
console.error: RemoteSecuritySettings.jsm: 
  Failed to download attachment: TypeError: NetworkError: Network request failed
console.error: RemoteSecuritySettings.jsm: 
  Failed to download attachment: TypeError: NetworkError: Network request failed
console.error: RemoteSecuritySettings.jsm: 
  Failed to download attachment: TypeError: NetworkError: Network request failed
console.error: RemoteSecuritySettings.jsm: 
  Failed to download attachment: TypeError: NetworkError: Network request failed
console.error: RemoteSecuritySettings.jsm: 
  Failed to download attachment: TypeError: NetworkError: Network request failed
console.error: RemoteSecuritySettings.jsm: 
  Failed to download attachment: TypeError: NetworkError: Network request failed
console.error: RemoteSecuritySettings.jsm: 
  Failed to download attachment: TypeError: NetworkError: Network request failed
console.error: RemoteSecuritySettings.jsm: 
  Failed to download attachment: TypeError: NetworkError: Network request failed
console.error: RemoteSecuritySettings.jsm: 
  Failed to download attachment: TypeError: NetworkError: Network request failed
console.error: RemoteSecuritySettings.jsm: 
  Failed to download attachment: TypeError: NetworkError: Network request failed
console.error: RemoteSecuritySettings.jsm: 
  Failed to download attachment: TypeError: NetworkError: Network request failed
console.error: RemoteSecuritySettings.jsm: 
  Failed to download attachment: TypeError: NetworkError: Network request failed
console.error: RemoteSecuritySettings.jsm: 
  Failed to download attachment: TypeError: NetworkError: Network request failed
console.error: RemoteSecuritySettings.jsm: 
  Failed to download attachment: TypeError: NetworkError: Network request failed
console.error: RemoteSecuritySettings.jsm: 
  Failed to download attachment: TypeError: NetworkError: Network request failed
console.error: RemoteSecuritySettings.jsm: 
  Failed to download attachment: TypeError: NetworkError: Network request failed
[Parent 13996, IPC I/O Parent] WARNING: DuplicateHandle failed for handle 0 in TransferHandles: file /builds/worker/checkouts/gecko/ipc/chromium/src/chrome/common/ipc_channel_win.cc:621
[GPU 2416, IPC I/O Child] WARNING: pipe error: 232: file /builds/worker/checkouts/gecko/ipc/chromium/src/chrome/common/ipc_channel_win.cc:443
[Parent 13996, IPC I/O Parent] WARNING: DuplicateHandle failed for handle 0 in TransferHandles: file /builds/worker/checkouts/gecko/ipc/chromium/src/chrome/common/ipc_channel_win.cc:621
[GPU 2416, IPC I/O Child] WARNING: pipe error: 232: file /builds/worker/checkouts/gecko/ipc/chromium/src/chrome/common/ipc_channel_win.cc:443
[Parent 13996, IPC I/O Parent] WARNING: DuplicateHandle failed for handle 0 in TransferHandles: file /builds/worker/checkouts/gecko/ipc/chromium/src/chrome/common/ipc_channel_win.cc:621
[GPU 2416, IPC I/O Child] WARNING: pipe error: 232: file /builds/worker/checkouts/gecko/ipc/chromium/src/chrome/common/ipc_channel_win.cc:443
[Parent 13996, IPC I/O Parent] WARNING: DuplicateHandle failed for handle 0 in TransferHandles: file /builds/worker/checkouts/gecko/ipc/chromium/src/chrome/common/ipc_channel_win.cc:621
[GPU 2416, IPC I/O Child] WARNING: pipe error: 232: file /builds/worker/checkouts/gecko/ipc/chromium/src/chrome/common/ipc_channel_win.cc:443
1693554390226	geckodriver	INFO	Listening on 127.0.0.1:54809
1693554393325	mozrunner::runner	INFO	Running command: "C:\\Program Files\\Mozilla Firefox\\firefox.exe" "--marionette" "--remote-debugging-port" "54810" "--remote-allow-hosts" "localhost" "-no-remote" "-profile" "C:\\Users\\vidoo\\AppData\\Local\\Temp\\rust_mozprofileNKK5xX"
console.warn: services.settings: Ignoring preference override of remote settings server
console.warn: services.settings: Allow by setting MOZ_REMOTE_SETTINGS_DEVTOOLS=1 in the environment
1693554394315	Marionette	INFO	Marionette enabled
Dynamically enable window occlusion 0
1693554394743	Marionette	INFO	Listening on port 54819
WebDriver BiDi listening on ws://127.0.0.1:54810
Read port: 54819
1693554395299	RemoteAgent	WARN	TLS certificate errors will be ignored for this session
DevTools listening on ws://127.0.0.1:54810/devtools/browser/37b130f2-b3a7-437a-a59d-e18e23ac3065
[Parent 18232, IPC I/O Parent] WARNING: DuplicateHandle failed for handle 0 in TransferHandles: file /builds/worker/checkouts/gecko/ipc/chromium/src/chrome/common/ipc_channel_win.cc:621
[GPU 15648, IPC I/O Child] WARNING: pipe error: 232: file /builds/worker/checkouts/gecko/ipc/chromium/src/chrome/common/ipc_channel_win.cc:443
console.warn: LoginRecipes: "Falling back to a synchronous message for: https://github.com."
console.warn: LoginRecipes: "Falling back to a synchronous message for: https://github.com."
console.warn: LoginRecipes: "Falling back to a synchronous message for: https://github.com."
console.warn: LoginRecipes: "Falling back to a synchronous message for: https://github.com."
