login_butt_not_found.py 2023-10-31 09:45:31,222 Message: Unable to locate element: ody > div.logged-out.env-production.page-responsive.header-overlay.home-campaign > div.position-relative.js-header-wrapper > header > div > div.HeaderMenu--logged-out.p-responsive.height-fit.position-lg-relative.d-lg-flex.flex-column.flex-auto.pt-7.pb-4.top-0 > div > div > div.position-relative.mr-lg-3.d-lg-inline-block > a; For documentation on this error, please visit: https://www.selenium.dev/documentation/webdriver/troubleshooting/errors#no-such-element-exception
Stacktrace:
RemoteError@chrome://remote/content/shared/RemoteError.sys.mjs:8:8
WebDriverError@chrome://remote/content/shared/webdriver/Errors.sys.mjs:189:5
NoSuchElementError@chrome://remote/content/shared/webdriver/Errors.sys.mjs:507:5
dom.find/</<@chrome://remote/content/shared/DOM.sys.mjs:132:16

login_butt_not_found.py 2023-10-31 09:47:39,750 Message: Unable to locate element: ody > div.logged-out.env-production.page-responsive.header-overlay.home-campaign > div.position-relative.js-header-wrapper > header > div > div.HeaderMenu--logged-out.p-responsive.height-fit.position-lg-relative.d-lg-flex.flex-column.flex-auto.pt-7.pb-4.top-0 > div > div > div.position-relative.mr-lg-3.d-lg-inline-block > a; For documentation on this error, please visit: https://www.selenium.dev/documentation/webdriver/troubleshooting/errors#no-such-element-exception
Stacktrace:
RemoteError@chrome://remote/content/shared/RemoteError.sys.mjs:8:8
WebDriverError@chrome://remote/content/shared/webdriver/Errors.sys.mjs:189:5
NoSuchElementError@chrome://remote/content/shared/webdriver/Errors.sys.mjs:507:5
dom.find/</<@chrome://remote/content/shared/DOM.sys.mjs:132:16

normal.py 2023-10-31 09:52:40,337 Successfully loaded login page
github_upload_project copy.py 2023-10-31 10:33:33,994 Message: Unable to locate element: #repo-content-pjax-container > div > div > div.Layout.Layout--flowRow-until-md.Layout--sidebarPosition-end.Layout--sidebarPosition-flowRow-end > div.Layout-main > div.file-navigation.mb-3.d-flex.flex-items-start > span.d-none.d-md-flex.ml-2 > get-repo > feature-callout; For documentation on this error, please visit: https://www.selenium.dev/documentation/webdriver/troubleshooting/errors#no-such-element-exception
Stacktrace:
RemoteError@chrome://remote/content/shared/RemoteError.sys.mjs:8:8
WebDriverError@chrome://remote/content/shared/webdriver/Errors.sys.mjs:189:5
NoSuchElementError@chrome://remote/content/shared/webdriver/Errors.sys.mjs:507:5
dom.find/</<@chrome://remote/content/shared/DOM.sys.mjs:132:16

github_upload_project copy.py 2023-10-31 10:38:12,967 Successfully clicked on Code
github_upload_project copy.py 2023-10-31 10:38:19,860 Successfully clicked on download
github_upload_project copy.py 2023-10-31 10:42:25,828 Message: Unable to locate element: #repo-content-pjax-container > div > div > div.Layout.Layout--flowRow-until-md.Layout--sidebarPosition-end.Layout--sidebarPosition-flowRow-end > div.Layout-main > div.file-navigation.mb-3.d-flex.flex-items-start > span.d-none.d-md-flex.ml-2 > get-repo > feature-callout; For documentation on this error, please visit: https://www.selenium.dev/documentation/webdriver/troubleshooting/errors#no-such-element-exception
Stacktrace:
RemoteError@chrome://remote/content/shared/RemoteError.sys.mjs:8:8
WebDriverError@chrome://remote/content/shared/webdriver/Errors.sys.mjs:189:5
NoSuchElementError@chrome://remote/content/shared/webdriver/Errors.sys.mjs:507:5
dom.find/</<@chrome://remote/content/shared/DOM.sys.mjs:132:16

github_upload_project copy.py 2023-10-31 10:43:12,927 Message: Unable to locate element: #repo-content-pjax-container > div > div > div.Layout.Layout--flowRow-until-md.Layout--sidebarPosition-end.Layout--sidebarPosition-flowRow-end > div.Layout-main > div.file-navigation.mb-3.d-flex.flex-items-start > span.d-none.d-md-flex.ml-2 > get-repo > feature-callout; For documentation on this error, please visit: https://www.selenium.dev/documentation/webdriver/troubleshooting/errors#no-such-element-exception
Stacktrace:
RemoteError@chrome://remote/content/shared/RemoteError.sys.mjs:8:8
WebDriverError@chrome://remote/content/shared/webdriver/Errors.sys.mjs:189:5
NoSuchElementError@chrome://remote/content/shared/webdriver/Errors.sys.mjs:507:5
dom.find/</<@chrome://remote/content/shared/DOM.sys.mjs:132:16

github_upload_project copy.py 2023-10-31 10:43:15,533 Successfully clicked on code
github_upload_project copy.py 2023-10-31 10:43:21,897 Successfully clicked on download
github_upload_project copy.py 2023-10-31 10:44:29,858 Message: Unable to locate element: #repo-content-pjax-container > div > div > div.Layout.Layout--flowRow-until-md.Layout--sidebarPosition-end.Layout--sidebarPosition-flowRow-end > div.Layout-main > div.file-navigation.mb-3.d-flex.flex-items-start > span.d-none.d-md-flex.ml-2 > get-repo > feature-callout; For documentation on this error, please visit: https://www.selenium.dev/documentation/webdriver/troubleshooting/errors#no-such-element-exception
Stacktrace:
RemoteError@chrome://remote/content/shared/RemoteError.sys.mjs:8:8
WebDriverError@chrome://remote/content/shared/webdriver/Errors.sys.mjs:189:5
NoSuchElementError@chrome://remote/content/shared/webdriver/Errors.sys.mjs:507:5
dom.find/</<@chrome://remote/content/shared/DOM.sys.mjs:132:16

github_upload_project copy.py 2023-10-31 10:45:36,465 Message: Unable to locate element: #repo-content-pjax-container > div > div > div.Layout.Layout--flowRow-until-md.Layout--sidebarPosition-end.Layout--sidebarPosition-flowRow-end > div.Layout-main > div.file-navigation.mb-3.d-flex.flex-items-start > span.d-none.d-md-flex.ml-2 > get-repo > feature-callout; For documentation on this error, please visit: https://www.selenium.dev/documentation/webdriver/troubleshooting/errors#no-such-element-exception
Stacktrace:
RemoteError@chrome://remote/content/shared/RemoteError.sys.mjs:8:8
WebDriverError@chrome://remote/content/shared/webdriver/Errors.sys.mjs:189:5
NoSuchElementError@chrome://remote/content/shared/webdriver/Errors.sys.mjs:507:5
dom.find/</<@chrome://remote/content/shared/DOM.sys.mjs:132:16

github_upload_project copy.py 2023-10-31 10:45:39,114 Successfully clicked on code
github_upload_project copy.py 2023-10-31 10:45:43,376 Successfully clicked on download
